<?xml version="1.0" encoding="utf-8"?>
<TestRun id="b4662e26-519b-47b9-b090-a1563f2ae6f5" name="LP-AmeenE@LP-AMEENE21 2025-07-07 19:53:25" runUser="LP-AMEENE21\LP-AmeenE" xmlns="http://microsoft.com/schemas/VisualStudio/TeamTest/2010">
  <Times creation="2025-07-07T19:53:25.3028466+03:00" queuing="2025-07-07T19:53:25.3028475+03:00" start="2025-07-07T19:53:24.6242384+03:00" finish="2025-07-07T19:53:25.3667012+03:00" />
  <TestSettings name="default" id="79daed4b-ed7a-4734-b8f8-a245a9213548">
    <Deployment runDeploymentRoot="LP-AmeenE_LP-AMEENE21_2025-07-07_19_53_25" />
  </TestSettings>
  <Results>
    <UnitTestResult executionId="fe163c2a-2649-4ff0-ab6d-4f24ed0b1b69" testId="7dd66bf9-eac2-bee8-a73d-6231cdaf952c" testName="CreditTransfer.Core.Domain.Tests.MessageTests.Message_BilingualTextValidation(englishText: &quot;Unknown subscriber&quot;, arabicText: &quot;مشترك غير معروف&quot;)" computerName="LP-AMEENE21" duration="00:00:00.0000265" startTime="2025-07-07T19:53:25.2765452+03:00" endTime="2025-07-07T19:53:25.2765452+03:00" testType="13cdc9d9-ddb5-4fa4-a97d-d965ccfc6d4b" outcome="Passed" testListId="8c84fa94-04c1-424b-9868-57a2d4851a1d" relativeResultsDirectory="fe163c2a-2649-4ff0-ab6d-4f24ed0b1b69" />
    <UnitTestResult executionId="15c86f4f-5b57-4a76-91e9-50234d9e4b3d" testId="fb7485dc-a4c2-9a2d-3e1e-beeed5c0d6a8" testName="CreditTransfer.Core.Domain.Tests.CreditTransferRequestTests.CreditTransferRequest_TotalAmountCalculation(riyal: 5, baisa: 250, expectedTotal: 5.25)" computerName="LP-AMEENE21" duration="00:00:00.0000096" startTime="2025-07-07T19:53:25.3087747+03:00" endTime="2025-07-07T19:53:25.3087747+03:00" testType="13cdc9d9-ddb5-4fa4-a97d-d965ccfc6d4b" outcome="Passed" testListId="8c84fa94-04c1-424b-9868-57a2d4851a1d" relativeResultsDirectory="15c86f4f-5b57-4a76-91e9-50234d9e4b3d" />
    <UnitTestResult executionId="0bc05144-b4c4-4ffb-bea6-330deb9c6936" testId="e2a42e98-fd78-a789-2d89-f7d861131229" testName="CreditTransfer.Core.Domain.Tests.CreditTransferRequestTests.CreditTransferRequest_TotalAmountCalculation(riyal: 1, baisa: 0, expectedTotal: 1)" computerName="LP-AMEENE21" duration="00:00:00.0002467" startTime="2025-07-07T19:53:25.3087495+03:00" endTime="2025-07-07T19:53:25.3087495+03:00" testType="13cdc9d9-ddb5-4fa4-a97d-d965ccfc6d4b" outcome="Passed" testListId="8c84fa94-04c1-424b-9868-57a2d4851a1d" relativeResultsDirectory="0bc05144-b4c4-4ffb-bea6-330deb9c6936" />
    <UnitTestResult executionId="f78ddd39-be97-4ae8-b80e-30ee7ac1c2ba" testId="8d6b12d9-5dc8-1768-b650-0b3020026a84" testName="CreditTransfer.Core.Domain.Tests.ApplicationConfigTests.ApplicationConfig_DescriptionValidation_MaxLength" computerName="LP-AMEENE21" duration="00:00:00.0008706" startTime="2025-07-07T19:53:25.2789917+03:00" endTime="2025-07-07T19:53:25.2789920+03:00" testType="13cdc9d9-ddb5-4fa4-a97d-d965ccfc6d4b" outcome="Passed" testListId="8c84fa94-04c1-424b-9868-57a2d4851a1d" relativeResultsDirectory="f78ddd39-be97-4ae8-b80e-30ee7ac1c2ba" />
    <UnitTestResult executionId="5d413b90-c719-42a9-a224-6a3010bec642" testId="a14e29bb-c4a8-33c7-f329-9421b543539b" testName="CreditTransfer.Core.Domain.Tests.TransferConfigTests.TransferConfig_DecimalPrecisionValidation" computerName="LP-AMEENE21" duration="00:00:00.0001466" startTime="2025-07-07T19:53:25.2784369+03:00" endTime="2025-07-07T19:53:25.2784369+03:00" testType="13cdc9d9-ddb5-4fa4-a97d-d965ccfc6d4b" outcome="Passed" testListId="8c84fa94-04c1-424b-9868-57a2d4851a1d" relativeResultsDirectory="5d413b90-c719-42a9-a224-6a3010bec642" />
    <UnitTestResult executionId="81cbe2c6-722c-4312-b5d9-890bd2e3f5a9" testId="952b6f51-547b-eaed-4371-ca79748f5f9a" testName="CreditTransfer.Core.Domain.Tests.CreditTransferResponseTests.CreditTransferResponse_Error_FactoryMethod_CommonErrorCodes(statusCode: 22, statusMessage: &quot;Invalid PIN&quot;)" computerName="LP-AMEENE21" duration="00:00:00.0000125" startTime="2025-07-07T19:53:25.2742673+03:00" endTime="2025-07-07T19:53:25.2742674+03:00" testType="13cdc9d9-ddb5-4fa4-a97d-d965ccfc6d4b" outcome="Passed" testListId="8c84fa94-04c1-424b-9868-57a2d4851a1d" relativeResultsDirectory="81cbe2c6-722c-4312-b5d9-890bd2e3f5a9" />
    <UnitTestResult executionId="43796840-aff9-47f1-bf74-f5511d477477" testId="207d0186-35b1-0044-ebac-306e6da811a4" testName="CreditTransfer.Core.Domain.Tests.ApplicationConfigTests.ApplicationConfig_AllRequiredFieldsValid" computerName="LP-AMEENE21" duration="00:00:00.0002183" startTime="2025-07-07T19:53:25.2786961+03:00" endTime="2025-07-07T19:53:25.2786961+03:00" testType="13cdc9d9-ddb5-4fa4-a97d-d965ccfc6d4b" outcome="Passed" testListId="8c84fa94-04c1-424b-9868-57a2d4851a1d" relativeResultsDirectory="43796840-aff9-47f1-bf74-f5511d477477" />
    <UnitTestResult executionId="f46c4a88-aabf-4794-ae97-aab038bd2c58" testId="3a793aac-15f7-d0d7-d53f-64539107ab48" testName="CreditTransfer.Core.Domain.Tests.TransferConfigTests.TransferConfig_DefaultConstructor_SetsDefaultValues" computerName="LP-AMEENE21" duration="00:00:00.0001885" startTime="2025-07-07T19:53:25.2780763+03:00" endTime="2025-07-07T19:53:25.2780763+03:00" testType="13cdc9d9-ddb5-4fa4-a97d-d965ccfc6d4b" outcome="Passed" testListId="8c84fa94-04c1-424b-9868-57a2d4851a1d" relativeResultsDirectory="f46c4a88-aabf-4794-ae97-aab038bd2c58" />
    <UnitTestResult executionId="89a61a50-71bc-4d59-9e12-6c2373dcdd82" testId="3109f9f9-47af-aa5e-b3b4-230ebc067030" testName="CreditTransfer.Core.Domain.Tests.TransferConfigTests.TransferConfig_TransferToOtherOperatorValidation(canTransfer: True)" computerName="LP-AMEENE21" duration="00:00:00.0000914" startTime="2025-07-07T19:53:25.2763203+03:00" endTime="2025-07-07T19:53:25.2763203+03:00" testType="13cdc9d9-ddb5-4fa4-a97d-d965ccfc6d4b" outcome="Passed" testListId="8c84fa94-04c1-424b-9868-57a2d4851a1d" relativeResultsDirectory="89a61a50-71bc-4d59-9e12-6c2373dcdd82" />
    <UnitTestResult executionId="0a57943a-65a2-41ed-8210-a9bc993a7c39" testId="6cad86e2-965b-166b-dd00-7a848eefe3bd" testName="CreditTransfer.Core.Domain.Tests.MessageTests.Message_BilingualTextValidation(englishText: &quot;Insufficient credit&quot;, arabicText: &quot;رصيد غير كافي&quot;)" computerName="LP-AMEENE21" duration="00:00:00.0001733" startTime="2025-07-07T19:53:25.2763587+03:00" endTime="2025-07-07T19:53:25.2763587+03:00" testType="13cdc9d9-ddb5-4fa4-a97d-d965ccfc6d4b" outcome="Passed" testListId="8c84fa94-04c1-424b-9868-57a2d4851a1d" relativeResultsDirectory="0a57943a-65a2-41ed-8210-a9bc993a7c39" />
    <UnitTestResult executionId="72d2b200-98cc-46e8-8f36-a52224bc5345" testId="27030277-d8c1-e1c1-0afb-385d67b4c1b5" testName="CreditTransfer.Core.Domain.Tests.TransactionTests.Transaction_AmountValidation_ValidAmounts(amount: 100)" computerName="LP-AMEENE21" duration="00:00:00.0000045" startTime="2025-07-07T19:53:25.3086127+03:00" endTime="2025-07-07T19:53:25.3086128+03:00" testType="13cdc9d9-ddb5-4fa4-a97d-d965ccfc6d4b" outcome="Passed" testListId="8c84fa94-04c1-424b-9868-57a2d4851a1d" relativeResultsDirectory="72d2b200-98cc-46e8-8f36-a52224bc5345" />
    <UnitTestResult executionId="fcc26552-a3cd-4753-b845-c136d0afebc7" testId="7311eb04-e8b5-7512-6209-1625d0468a17" testName="CreditTransfer.Core.Domain.Tests.CreditTransferRequestTests.CreditTransferRequest_IsValid_SameSourceAndDestination" computerName="LP-AMEENE21" duration="00:00:00.0000503" startTime="2025-07-07T19:53:25.3127219+03:00" endTime="2025-07-07T19:53:25.3127219+03:00" testType="13cdc9d9-ddb5-4fa4-a97d-d965ccfc6d4b" outcome="Passed" testListId="8c84fa94-04c1-424b-9868-57a2d4851a1d" relativeResultsDirectory="fcc26552-a3cd-4753-b845-c136d0afebc7" />
    <UnitTestResult executionId="1a26f01a-bf0c-406c-813c-2aa5e21ee794" testId="d1e4c75c-9f93-918f-13d9-1c16bf07801e" testName="CreditTransfer.Core.Domain.Tests.MessageTests.Message_DefaultConstructor_SetsDefaultValues" computerName="LP-AMEENE21" duration="00:00:00.0002791" startTime="2025-07-07T19:53:25.2794107+03:00" endTime="2025-07-07T19:53:25.2794107+03:00" testType="13cdc9d9-ddb5-4fa4-a97d-d965ccfc6d4b" outcome="Passed" testListId="8c84fa94-04c1-424b-9868-57a2d4851a1d" relativeResultsDirectory="1a26f01a-bf0c-406c-813c-2aa5e21ee794" />
    <UnitTestResult executionId="9bfa1864-3dbf-4d2f-8cff-40054b5fe974" testId="9c5ac0d3-4fb0-ab3f-f7c4-a319c482b8ba" testName="CreditTransfer.Core.Domain.Tests.CreditTransferResponseTests.CreditTransferResponse_TransactionId_OptionalField" computerName="LP-AMEENE21" duration="00:00:00.0001964" startTime="2025-07-07T19:53:25.2793902+03:00" endTime="2025-07-07T19:53:25.2793903+03:00" testType="13cdc9d9-ddb5-4fa4-a97d-d965ccfc6d4b" outcome="Passed" testListId="8c84fa94-04c1-424b-9868-57a2d4851a1d" relativeResultsDirectory="9bfa1864-3dbf-4d2f-8cff-40054b5fe974" />
    <UnitTestResult executionId="b2833d13-ebbb-4b2e-9983-d0c5f629edce" testId="8f9a1c5d-3c0c-573d-ed52-08d5f219c5db" testName="CreditTransfer.Core.Domain.Tests.CreditTransferResponseTests.CreditTransferResponse_Error_FactoryMethod_CommonErrorCodes(statusCode: 28, statusMessage: &quot;User not allowed to call this method&quot;)" computerName="LP-AMEENE21" duration="00:00:00.0000044" startTime="2025-07-07T19:53:25.2744238+03:00" endTime="2025-07-07T19:53:25.2744239+03:00" testType="13cdc9d9-ddb5-4fa4-a97d-d965ccfc6d4b" outcome="Passed" testListId="8c84fa94-04c1-424b-9868-57a2d4851a1d" relativeResultsDirectory="b2833d13-ebbb-4b2e-9983-d0c5f629edce" />
    <UnitTestResult executionId="6d57c757-6ff7-4af8-adf2-86a7a5170fc1" testId="a6ba54d5-e422-d144-9070-82fc17b0c778" testName="CreditTransfer.Core.Domain.Tests.CreditTransferRequestTests.CreditTransferRequest_PinValidation(pin: &quot;9999&quot;, shouldBeValid: True)" computerName="LP-AMEENE21" duration="00:00:00.0001844" startTime="2025-07-07T19:53:25.3121780+03:00" endTime="2025-07-07T19:53:25.3121781+03:00" testType="13cdc9d9-ddb5-4fa4-a97d-d965ccfc6d4b" outcome="Passed" testListId="8c84fa94-04c1-424b-9868-57a2d4851a1d" relativeResultsDirectory="6d57c757-6ff7-4af8-adf2-86a7a5170fc1" />
    <UnitTestResult executionId="db67214d-6c11-4bae-a2f1-5ce2c3b764aa" testId="89c1d4ca-64ab-0d29-b28c-df1b092b10da" testName="CreditTransfer.Core.Domain.Tests.TransactionTests.Transaction_AmountValidation_InvalidAmounts(amount: -10.5)" computerName="LP-AMEENE21" duration="00:00:00.0001152" startTime="2025-07-07T19:53:25.3112428+03:00" endTime="2025-07-07T19:53:25.3112429+03:00" testType="13cdc9d9-ddb5-4fa4-a97d-d965ccfc6d4b" outcome="Passed" testListId="8c84fa94-04c1-424b-9868-57a2d4851a1d" relativeResultsDirectory="db67214d-6c11-4bae-a2f1-5ce2c3b764aa" />
    <UnitTestResult executionId="99df2527-7208-4728-b06d-da3da81e1541" testId="c10b2481-dec4-2d98-7f39-cddda29f6202" testName="CreditTransfer.Core.Domain.Tests.TransferConfigTests.TransferConfig_TransferCounterNameValidation" computerName="LP-AMEENE21" duration="00:00:00.0000588" startTime="2025-07-07T19:53:25.2783646+03:00" endTime="2025-07-07T19:53:25.2783648+03:00" testType="13cdc9d9-ddb5-4fa4-a97d-d965ccfc6d4b" outcome="Passed" testListId="8c84fa94-04c1-424b-9868-57a2d4851a1d" relativeResultsDirectory="99df2527-7208-4728-b06d-da3da81e1541" />
    <UnitTestResult executionId="8a098753-3b89-4d68-bd16-1e904a7b1924" testId="6940ccf0-841d-003d-eecf-c5bc833ab47c" testName="CreditTransfer.Core.Domain.Tests.ApplicationConfigTests.ApplicationConfig_ModifiedByValidation_MaxLength" computerName="LP-AMEENE21" duration="00:00:00.0006644" startTime="2025-07-07T19:53:25.2798686+03:00" endTime="2025-07-07T19:53:25.2798687+03:00" testType="13cdc9d9-ddb5-4fa4-a97d-d965ccfc6d4b" outcome="Passed" testListId="8c84fa94-04c1-424b-9868-57a2d4851a1d" relativeResultsDirectory="8a098753-3b89-4d68-bd16-1e904a7b1924" />
    <UnitTestResult executionId="fa4873c7-3ecb-4deb-9997-5f79859276cf" testId="99a40e03-2434-cbef-3003-e17f0447ca0f" testName="CreditTransfer.Core.Domain.Tests.CreditTransferRequestTests.CreditTransferRequest_PinValidation(pin: &quot;   &quot;, shouldBeValid: False)" computerName="LP-AMEENE21" duration="00:00:00.0005258" startTime="2025-07-07T19:53:25.3126172+03:00" endTime="2025-07-07T19:53:25.3126172+03:00" testType="13cdc9d9-ddb5-4fa4-a97d-d965ccfc6d4b" outcome="Failed" testListId="8c84fa94-04c1-424b-9868-57a2d4851a1d" relativeResultsDirectory="fa4873c7-3ecb-4deb-9997-5f79859276cf">
      <Output>
        <ErrorInfo>
          <Message>Expected isValid to be False, but found True.</Message>
          <StackTrace>   at FluentAssertions.Execution.XUnit2TestFramework.Throw(String message)&#xD;
   at FluentAssertions.Execution.TestFrameworkProvider.Throw(String message)&#xD;
   at FluentAssertions.Execution.DefaultAssertionStrategy.HandleFailure(String message)&#xD;
   at FluentAssertions.Execution.AssertionScope.FailWith(Func`1 failReasonFunc)&#xD;
   at FluentAssertions.Execution.AssertionScope.FailWith(Func`1 failReasonFunc)&#xD;
   at FluentAssertions.Execution.AssertionScope.FailWith(String message, Object[] args)&#xD;
   at FluentAssertions.Primitives.BooleanAssertions`1.Be(Boolean expected, String because, Object[] becauseArgs)&#xD;
   at CreditTransfer.Core.Domain.Tests.CreditTransferRequestTests.CreditTransferRequest_PinValidation(String pin, Boolean shouldBeValid) in E:\LP\UpgradeStack\CreditTransfer\Migrated\tests\Unit\CreditTransfer.Core.Domain.Tests\CreditTransferRequestTests.cs:line 280&#xD;
   at InvokeStub_CreditTransferRequestTests.CreditTransferRequest_PinValidation(Object, Span`1)&#xD;
   at System.Reflection.MethodBaseInvoker.InvokeWithFewArgs(Object obj, BindingFlags invokeAttr, Binder binder, Object[] parameters, CultureInfo culture)</StackTrace>
        </ErrorInfo>
      </Output>
    </UnitTestResult>
    <UnitTestResult executionId="441d0c19-6680-46be-a872-75ccd89785df" testId="ee143c3d-273e-3bfc-9f36-15bdbd1f183a" testName="CreditTransfer.Core.Domain.Tests.TransferConfigTests.TransferConfig_CreditTransferCustomerServiceValidation" computerName="LP-AMEENE21" duration="00:00:00.0002109" startTime="2025-07-07T19:53:25.2720142+03:00" endTime="2025-07-07T19:53:25.2720142+03:00" testType="13cdc9d9-ddb5-4fa4-a97d-d965ccfc6d4b" outcome="Passed" testListId="8c84fa94-04c1-424b-9868-57a2d4851a1d" relativeResultsDirectory="441d0c19-6680-46be-a872-75ccd89785df" />
    <UnitTestResult executionId="da7cef6e-3a34-4e3d-a108-91cb6f224e44" testId="09a9a12f-9e77-246f-a8ef-4f7ba69dd4a4" testName="CreditTransfer.Core.Domain.Tests.TransactionTests.Transaction_StatusIdMapping(statusId: 0, expectedStatus: Pending)" computerName="LP-AMEENE21" duration="00:00:00.0001148" startTime="2025-07-07T19:53:25.3093256+03:00" endTime="2025-07-07T19:53:25.3093257+03:00" testType="13cdc9d9-ddb5-4fa4-a97d-d965ccfc6d4b" outcome="Passed" testListId="8c84fa94-04c1-424b-9868-57a2d4851a1d" relativeResultsDirectory="da7cef6e-3a34-4e3d-a108-91cb6f224e44" />
    <UnitTestResult executionId="358444ca-f64d-492b-856b-c4b0b7e49e5d" testId="0021e42e-3014-f8a8-5469-85cb9dbff7cb" testName="CreditTransfer.Core.Domain.Tests.ApplicationConfigTests.ApplicationConfig_CategoryValidation_ValidCategories(category: &quot;Authentication&quot;)" computerName="LP-AMEENE21" duration="00:00:00.0000333" startTime="2025-07-07T19:53:25.2773568+03:00" endTime="2025-07-07T19:53:25.2773569+03:00" testType="13cdc9d9-ddb5-4fa4-a97d-d965ccfc6d4b" outcome="Passed" testListId="8c84fa94-04c1-424b-9868-57a2d4851a1d" relativeResultsDirectory="358444ca-f64d-492b-856b-c4b0b7e49e5d" />
    <UnitTestResult executionId="9c19d2dc-4801-45bf-bf9f-817f18344bc1" testId="c94a6e6e-803b-539a-3533-1c132d0187b1" testName="CreditTransfer.Core.Domain.Tests.TransferConfigTests.TransferConfig_ValidDailyTransferCapLimits(limit: 500)" computerName="LP-AMEENE21" duration="00:00:00.0000879" startTime="2025-07-07T19:53:25.2731990+03:00" endTime="2025-07-07T19:53:25.2731990+03:00" testType="13cdc9d9-ddb5-4fa4-a97d-d965ccfc6d4b" outcome="Passed" testListId="8c84fa94-04c1-424b-9868-57a2d4851a1d" relativeResultsDirectory="9c19d2dc-4801-45bf-bf9f-817f18344bc1" />
    <UnitTestResult executionId="a7d7a6ab-4fe8-49fc-b4e6-33785fa32476" testId="02730dde-a18f-78b8-02b2-c33afb0ca265" testName="CreditTransfer.Core.Domain.Tests.CreditTransferRequestTests.CreditTransferRequest_UserNameValidation(userName: &quot;&quot;, shouldBeValid: False)" computerName="LP-AMEENE21" duration="00:00:00.0000272" startTime="2025-07-07T19:53:25.3039639+03:00" endTime="2025-07-07T19:53:25.3039639+03:00" testType="13cdc9d9-ddb5-4fa4-a97d-d965ccfc6d4b" outcome="Passed" testListId="8c84fa94-04c1-424b-9868-57a2d4851a1d" relativeResultsDirectory="a7d7a6ab-4fe8-49fc-b4e6-33785fa32476" />
    <UnitTestResult executionId="e3492423-be79-4b4b-a89e-f417f2b01b6c" testId="68c475eb-660a-c6f8-d004-e5836a655617" testName="CreditTransfer.Core.Domain.Tests.CreditTransferRequestTests.CreditTransferRequest_PinValidation(pin: &quot;123&quot;, shouldBeValid: True)" computerName="LP-AMEENE21" duration="00:00:00.0000073" startTime="2025-07-07T19:53:25.3126353+03:00" endTime="2025-07-07T19:53:25.3126353+03:00" testType="13cdc9d9-ddb5-4fa4-a97d-d965ccfc6d4b" outcome="Passed" testListId="8c84fa94-04c1-424b-9868-57a2d4851a1d" relativeResultsDirectory="e3492423-be79-4b4b-a89e-f417f2b01b6c" />
    <UnitTestResult executionId="21eaaaa8-a369-40b5-b813-faf1c0744e85" testId="0c88f880-3e90-8c01-19e7-caa70177c99b" testName="CreditTransfer.Core.Domain.Tests.TransferConfigTests.TransferConfig_ValidMaxTransferAmounts(amount: 100)" computerName="LP-AMEENE21" duration="00:00:00.0000024" startTime="2025-07-07T19:53:25.2765780+03:00" endTime="2025-07-07T19:53:25.2765780+03:00" testType="13cdc9d9-ddb5-4fa4-a97d-d965ccfc6d4b" outcome="Passed" testListId="8c84fa94-04c1-424b-9868-57a2d4851a1d" relativeResultsDirectory="21eaaaa8-a369-40b5-b813-faf1c0744e85" />
    <UnitTestResult executionId="aa1ef9f8-8db9-4eca-ac12-fc9afdd17adc" testId="34465b10-87a9-4292-bcf8-b48461b31302" testName="CreditTransfer.Core.Domain.Tests.TransferConfigTests.TransferConfig_ValidSubscriptionTypes(subscriptionType: &quot;Dealer&quot;)" computerName="LP-AMEENE21" duration="00:00:00.0000095" startTime="2025-07-07T19:53:25.2719314+03:00" endTime="2025-07-07T19:53:25.2719314+03:00" testType="13cdc9d9-ddb5-4fa4-a97d-d965ccfc6d4b" outcome="Passed" testListId="8c84fa94-04c1-424b-9868-57a2d4851a1d" relativeResultsDirectory="aa1ef9f8-8db9-4eca-ac12-fc9afdd17adc" />
    <UnitTestResult executionId="1efce1b5-ce3d-4857-bdc4-8ecfc865c943" testId="65ed0728-a5a5-e21b-418c-a960c89cf7b2" testName="CreditTransfer.Core.Domain.Tests.CreditTransferRequestTests.CreditTransferRequest_TotalAmountCalculation(riyal: 0, baisa: 0, expectedTotal: 0)" computerName="LP-AMEENE21" duration="00:00:00.0000056" startTime="2025-07-07T19:53:25.3092211+03:00" endTime="2025-07-07T19:53:25.3092211+03:00" testType="13cdc9d9-ddb5-4fa4-a97d-d965ccfc6d4b" outcome="Passed" testListId="8c84fa94-04c1-424b-9868-57a2d4851a1d" relativeResultsDirectory="1efce1b5-ce3d-4857-bdc4-8ecfc865c943" />
    <UnitTestResult executionId="1b72c558-a9a7-4e2a-9467-92f19693db0c" testId="0dd5eb38-3f2d-9125-2153-9e4e89c05508" testName="CreditTransfer.Core.Domain.Tests.ApplicationConfigTests.ApplicationConfig_DescriptionValidation_ExactMaxLength" computerName="LP-AMEENE21" duration="00:00:00.0011291" startTime="2025-07-07T19:53:25.2725381+03:00" endTime="2025-07-07T19:53:25.2725382+03:00" testType="13cdc9d9-ddb5-4fa4-a97d-d965ccfc6d4b" outcome="Passed" testListId="8c84fa94-04c1-424b-9868-57a2d4851a1d" relativeResultsDirectory="1b72c558-a9a7-4e2a-9467-92f19693db0c" />
    <UnitTestResult executionId="6828a791-9c6b-4740-932e-fec260736b35" testId="b22fae94-c875-fd34-0917-7568e5910a82" testName="CreditTransfer.Core.Domain.Tests.CreditTransferRequestTests.CreditTransferRequest_AmountValidation(riyal: 0, baisa: -1, shouldBeValid: False)" computerName="LP-AMEENE21" duration="00:00:00.0000015" startTime="2025-07-07T19:53:25.3103163+03:00" endTime="2025-07-07T19:53:25.3103163+03:00" testType="13cdc9d9-ddb5-4fa4-a97d-d965ccfc6d4b" outcome="Passed" testListId="8c84fa94-04c1-424b-9868-57a2d4851a1d" relativeResultsDirectory="6828a791-9c6b-4740-932e-fec260736b35" />
    <UnitTestResult executionId="e505554c-a200-41bf-b554-25eaf946c4b4" testId="1ef380e3-f770-870b-8192-d90315774580" testName="CreditTransfer.Core.Domain.Tests.CreditTransferResponseTests.CreditTransferResponse_RequestId_Validation" computerName="LP-AMEENE21" duration="00:00:00.0001603" startTime="2025-07-07T19:53:25.2750594+03:00" endTime="2025-07-07T19:53:25.2750594+03:00" testType="13cdc9d9-ddb5-4fa4-a97d-d965ccfc6d4b" outcome="Passed" testListId="8c84fa94-04c1-424b-9868-57a2d4851a1d" relativeResultsDirectory="e505554c-a200-41bf-b554-25eaf946c4b4" />
    <UnitTestResult executionId="cd7c97c0-481b-4e20-b576-44493f3d6d2a" testId="cd368295-f77d-3c7e-ceb4-b307ac0acce8" testName="CreditTransfer.Core.Domain.Tests.TransferConfigTests.TransferConfig_NullableFieldsValidation" computerName="LP-AMEENE21" duration="00:00:00.0003391" startTime="2025-07-07T19:53:25.2780209+03:00" endTime="2025-07-07T19:53:25.2780209+03:00" testType="13cdc9d9-ddb5-4fa4-a97d-d965ccfc6d4b" outcome="Passed" testListId="8c84fa94-04c1-424b-9868-57a2d4851a1d" relativeResultsDirectory="cd7c97c0-481b-4e20-b576-44493f3d6d2a" />
    <UnitTestResult executionId="95cf63ec-e02e-4d27-aaf3-ee7525d97e22" testId="a0ec523b-6272-e10b-662e-393eaf42abf0" testName="CreditTransfer.Core.Domain.Tests.TransferConfigTests.TransferConfig_ValidNobillSubscriptionTypes(subscriptionType: &quot;POSTPAID&quot;)" computerName="LP-AMEENE21" duration="00:00:00.0000660" startTime="2025-07-07T19:53:25.2770634+03:00" endTime="2025-07-07T19:53:25.2770634+03:00" testType="13cdc9d9-ddb5-4fa4-a97d-d965ccfc6d4b" outcome="Passed" testListId="8c84fa94-04c1-424b-9868-57a2d4851a1d" relativeResultsDirectory="95cf63ec-e02e-4d27-aaf3-ee7525d97e22" />
    <UnitTestResult executionId="b54c22b4-4718-406e-a8b1-cce5c8ec6109" testId="ba1d6c0d-bad9-ca8d-1964-52d6f52c300b" testName="CreditTransfer.Core.Domain.Tests.CreditTransferRequestTests.CreditTransferRequest_IsValid_InvalidScenarios(source: &quot;96876325315&quot;, destination: &quot;96878715705&quot;, riyal: -1, baisa: 500, pin: &quot;1234&quot;, userName: &quot;TestUser&quot;, expectedValid: False)" computerName="LP-AMEENE21" duration="00:00:00.0000909" startTime="2025-07-07T19:53:25.3103823+03:00" endTime="2025-07-07T19:53:25.3103824+03:00" testType="13cdc9d9-ddb5-4fa4-a97d-d965ccfc6d4b" outcome="Passed" testListId="8c84fa94-04c1-424b-9868-57a2d4851a1d" relativeResultsDirectory="b54c22b4-4718-406e-a8b1-cce5c8ec6109" />
    <UnitTestResult executionId="72e19b91-172a-4b66-a8b8-2c3d40f4a014" testId="17462fc6-4a7f-03c5-5372-176021418c84" testName="CreditTransfer.Core.Domain.Tests.MessageTests.Message_TextEnValidation_LongText" computerName="LP-AMEENE21" duration="00:00:00.0007178" startTime="2025-07-07T19:53:25.2725869+03:00" endTime="2025-07-07T19:53:25.2725869+03:00" testType="13cdc9d9-ddb5-4fa4-a97d-d965ccfc6d4b" outcome="Passed" testListId="8c84fa94-04c1-424b-9868-57a2d4851a1d" relativeResultsDirectory="72e19b91-172a-4b66-a8b8-2c3d40f4a014" />
    <UnitTestResult executionId="7ed5bbe3-0739-4fa5-ac0e-764be22adaba" testId="554a685f-5332-61dc-f515-a471a81db124" testName="CreditTransfer.Core.Domain.Tests.CreditTransferResponseTests.CreditTransferResponse_DefaultConstructor_SetsDefaultValues" computerName="LP-AMEENE21" duration="00:00:00.0003707" startTime="2025-07-07T19:53:25.2793074+03:00" endTime="2025-07-07T19:53:25.2793075+03:00" testType="13cdc9d9-ddb5-4fa4-a97d-d965ccfc6d4b" outcome="Passed" testListId="8c84fa94-04c1-424b-9868-57a2d4851a1d" relativeResultsDirectory="7ed5bbe3-0739-4fa5-ac0e-764be22adaba" />
    <UnitTestResult executionId="f75696bc-a279-4489-ad44-35a291fe2b5a" testId="4b13a4b2-39db-c1f0-c0e9-c4081c572711" testName="CreditTransfer.Core.Domain.Tests.TransferConfigTests.TransferConfig_MinMaxTransferAmountValidation" computerName="LP-AMEENE21" duration="00:00:00.0000880" startTime="2025-07-07T19:53:25.2786707+03:00" endTime="2025-07-07T19:53:25.2786709+03:00" testType="13cdc9d9-ddb5-4fa4-a97d-d965ccfc6d4b" outcome="Passed" testListId="8c84fa94-04c1-424b-9868-57a2d4851a1d" relativeResultsDirectory="f75696bc-a279-4489-ad44-35a291fe2b5a" />
    <UnitTestResult executionId="d0dfe29b-0fdb-4283-b541-4a52e1a4b58c" testId="3864fe4b-5857-221b-f89d-a22deacb5eed" testName="CreditTransfer.Core.Domain.Tests.TransferConfigTests.TransferConfig_PermissiveTransferValidation" computerName="LP-AMEENE21" duration="00:00:00.0002124" startTime="2025-07-07T19:53:25.2778327+03:00" endTime="2025-07-07T19:53:25.2778327+03:00" testType="13cdc9d9-ddb5-4fa4-a97d-d965ccfc6d4b" outcome="Passed" testListId="8c84fa94-04c1-424b-9868-57a2d4851a1d" relativeResultsDirectory="d0dfe29b-0fdb-4283-b541-4a52e1a4b58c" />
    <UnitTestResult executionId="2d56e398-1e2b-4f14-b24d-ed028bfd595e" testId="869749ee-9206-1679-57fe-b52989234f55" testName="CreditTransfer.Core.Domain.Tests.TransactionTests.Transaction_PropertiesSetCorrectly" computerName="LP-AMEENE21" duration="00:00:00.0005709" startTime="2025-07-07T19:53:25.3116874+03:00" endTime="2025-07-07T19:53:25.3116874+03:00" testType="13cdc9d9-ddb5-4fa4-a97d-d965ccfc6d4b" outcome="Passed" testListId="8c84fa94-04c1-424b-9868-57a2d4851a1d" relativeResultsDirectory="2d56e398-1e2b-4f14-b24d-ed028bfd595e" />
    <UnitTestResult executionId="baf31df4-4959-4dbd-94e1-0a1d16598c0d" testId="99c40b2b-6fa3-77e4-7adb-cd5824f1962e" testName="CreditTransfer.Core.Domain.Tests.CreditTransferResponseTests.CreditTransferResponse_IsSuccess_StatusCodeValidation(statusCode: 23, expectedSuccess: False)" computerName="LP-AMEENE21" duration="00:00:00.0000044" startTime="2025-07-07T19:53:25.2760785+03:00" endTime="2025-07-07T19:53:25.2760786+03:00" testType="13cdc9d9-ddb5-4fa4-a97d-d965ccfc6d4b" outcome="Passed" testListId="8c84fa94-04c1-424b-9868-57a2d4851a1d" relativeResultsDirectory="baf31df4-4959-4dbd-94e1-0a1d16598c0d" />
    <UnitTestResult executionId="7577a142-ca57-49db-86df-f585bd2bd484" testId="f92b4d98-1bd4-3bf7-ee25-c04f84880861" testName="CreditTransfer.Core.Domain.Tests.CreditTransferResponseTests.CreditTransferResponse_Error_FactoryMethod" computerName="LP-AMEENE21" duration="00:00:00.0002762" startTime="2025-07-07T19:53:25.2775154+03:00" endTime="2025-07-07T19:53:25.2775155+03:00" testType="13cdc9d9-ddb5-4fa4-a97d-d965ccfc6d4b" outcome="Passed" testListId="8c84fa94-04c1-424b-9868-57a2d4851a1d" relativeResultsDirectory="7577a142-ca57-49db-86df-f585bd2bd484" />
    <UnitTestResult executionId="1c0eea15-8cd2-4910-aa3c-a7346333dfdf" testId="0c2c0107-eddb-845f-9099-ecdbe3a77cdd" testName="CreditTransfer.Core.Domain.Tests.TransactionTests.Transaction_AmountValidation_ValidAmounts(amount: 999.999)" computerName="LP-AMEENE21" duration="00:00:00.0000022" startTime="2025-07-07T19:53:25.3086635+03:00" endTime="2025-07-07T19:53:25.3086636+03:00" testType="13cdc9d9-ddb5-4fa4-a97d-d965ccfc6d4b" outcome="Passed" testListId="8c84fa94-04c1-424b-9868-57a2d4851a1d" relativeResultsDirectory="1c0eea15-8cd2-4910-aa3c-a7346333dfdf" />
    <UnitTestResult executionId="2671f323-b47d-4019-be72-11ec738960a3" testId="7801f3ab-f253-c9be-4ad2-d645eda0a538" testName="CreditTransfer.Core.Domain.Tests.TransferConfigTests.TransferConfig_ValidNobillSubscriptionTypes(subscriptionType: &quot;PREPAID&quot;)" computerName="LP-AMEENE21" duration="00:00:00.0000022" startTime="2025-07-07T19:53:25.2772807+03:00" endTime="2025-07-07T19:53:25.2772807+03:00" testType="13cdc9d9-ddb5-4fa4-a97d-d965ccfc6d4b" outcome="Passed" testListId="8c84fa94-04c1-424b-9868-57a2d4851a1d" relativeResultsDirectory="2671f323-b47d-4019-be72-11ec738960a3" />
    <UnitTestResult executionId="4b45575e-4ea1-4d1d-ab17-890ddafcbcaa" testId="ebd650d4-05a9-0061-1e32-def4da036978" testName="CreditTransfer.Core.Domain.Tests.CreditTransferRequestTests.CreditTransferRequest_AmountValidation(riyal: -1, baisa: -1, shouldBeValid: False)" computerName="LP-AMEENE21" duration="00:00:00.0000051" startTime="2025-07-07T19:53:25.3098510+03:00" endTime="2025-07-07T19:53:25.3098511+03:00" testType="13cdc9d9-ddb5-4fa4-a97d-d965ccfc6d4b" outcome="Passed" testListId="8c84fa94-04c1-424b-9868-57a2d4851a1d" relativeResultsDirectory="4b45575e-4ea1-4d1d-ab17-890ddafcbcaa" />
    <UnitTestResult executionId="9112c4b2-012f-4551-91c8-d5117a9289b4" testId="76af95b5-d932-8a2f-2259-e8c0f5366484" testName="CreditTransfer.Core.Domain.Tests.CreditTransferRequestTests.CreditTransferRequest_TotalAmountCalculation(riyal: 0, baisa: 1000, expectedTotal: 1)" computerName="LP-AMEENE21" duration="00:00:00.0000056" startTime="2025-07-07T19:53:25.3092444+03:00" endTime="2025-07-07T19:53:25.3092444+03:00" testType="13cdc9d9-ddb5-4fa4-a97d-d965ccfc6d4b" outcome="Passed" testListId="8c84fa94-04c1-424b-9868-57a2d4851a1d" relativeResultsDirectory="9112c4b2-012f-4551-91c8-d5117a9289b4" />
    <UnitTestResult executionId="05722726-96bd-4ea9-8379-0998d18a604a" testId="9632a245-432c-3bf2-28fe-f67f28e24287" testName="CreditTransfer.Core.Domain.Tests.MessageTests.Message_KeyValidation_MaxLength" computerName="LP-AMEENE21" duration="00:00:00.0006238" startTime="2025-07-07T19:53:25.2781086+03:00" endTime="2025-07-07T19:53:25.2781086+03:00" testType="13cdc9d9-ddb5-4fa4-a97d-d965ccfc6d4b" outcome="Passed" testListId="8c84fa94-04c1-424b-9868-57a2d4851a1d" relativeResultsDirectory="05722726-96bd-4ea9-8379-0998d18a604a" />
    <UnitTestResult executionId="4f87073d-c021-4258-a369-f15b1f47431d" testId="181d4d5b-07b7-bfe8-141f-4db0cc351b24" testName="CreditTransfer.Core.Domain.Tests.TransactionTests.Transaction_DefaultConstructor_SetsDefaultValues" computerName="LP-AMEENE21" duration="00:00:00.0007828" startTime="2025-07-07T19:53:25.3107909+03:00" endTime="2025-07-07T19:53:25.3107910+03:00" testType="13cdc9d9-ddb5-4fa4-a97d-d965ccfc6d4b" outcome="Passed" testListId="8c84fa94-04c1-424b-9868-57a2d4851a1d" relativeResultsDirectory="4f87073d-c021-4258-a369-f15b1f47431d" />
    <UnitTestResult executionId="30b9d324-4356-40d4-9110-73bd4056c306" testId="24197e81-64ca-1148-e3db-1e571b5106f9" testName="CreditTransfer.Core.Domain.Tests.TransactionTests.Transaction_StatusIdMapping(statusId: 2, expectedStatus: Failed)" computerName="LP-AMEENE21" duration="00:00:00.0000020" startTime="2025-07-07T19:53:25.3097343+03:00" endTime="2025-07-07T19:53:25.3097343+03:00" testType="13cdc9d9-ddb5-4fa4-a97d-d965ccfc6d4b" outcome="Passed" testListId="8c84fa94-04c1-424b-9868-57a2d4851a1d" relativeResultsDirectory="30b9d324-4356-40d4-9110-73bd4056c306" />
    <UnitTestResult executionId="b42f146c-5ddf-4e32-9319-d110cd79d8de" testId="9f2c5145-eae1-9de4-b3a4-298dc6fb7c9d" testName="CreditTransfer.Core.Domain.Tests.TransferConfigTests.TransferConfig_ValidDailyTransferCapLimits(limit: 100)" computerName="LP-AMEENE21" duration="00:00:00.0000019" startTime="2025-07-07T19:53:25.2732931+03:00" endTime="2025-07-07T19:53:25.2732932+03:00" testType="13cdc9d9-ddb5-4fa4-a97d-d965ccfc6d4b" outcome="Passed" testListId="8c84fa94-04c1-424b-9868-57a2d4851a1d" relativeResultsDirectory="b42f146c-5ddf-4e32-9319-d110cd79d8de" />
    <UnitTestResult executionId="a9485948-3f11-46c0-97a5-4ef5691fec60" testId="3a0a67a3-93b8-b5eb-8289-38b44cd0c205" testName="CreditTransfer.Core.Domain.Tests.CreditTransferResponseTests.CreditTransferResponse_Success_FactoryMethod_MinimalParameters" computerName="LP-AMEENE21" duration="00:00:00.0004947" startTime="2025-07-07T19:53:25.2793334+03:00" endTime="2025-07-07T19:53:25.2793335+03:00" testType="13cdc9d9-ddb5-4fa4-a97d-d965ccfc6d4b" outcome="Passed" testListId="8c84fa94-04c1-424b-9868-57a2d4851a1d" relativeResultsDirectory="a9485948-3f11-46c0-97a5-4ef5691fec60" />
    <UnitTestResult executionId="65c9c9ef-87e3-4ca9-8b31-1b0739fbfc16" testId="648525e9-d4e0-6fdb-e3e3-148c41c77ca5" testName="CreditTransfer.Core.Domain.Tests.CreditTransferResponseTests.CreditTransferResponse_RequestId_GuidFormat" computerName="LP-AMEENE21" duration="00:00:00.0006303" startTime="2025-07-07T19:53:25.2778572+03:00" endTime="2025-07-07T19:53:25.2778572+03:00" testType="13cdc9d9-ddb5-4fa4-a97d-d965ccfc6d4b" outcome="Passed" testListId="8c84fa94-04c1-424b-9868-57a2d4851a1d" relativeResultsDirectory="65c9c9ef-87e3-4ca9-8b31-1b0739fbfc16" />
    <UnitTestResult executionId="1cf30566-69c4-436a-a58a-66cf2401ae99" testId="82f234b6-87e5-56ed-00df-bf62ddeec29f" testName="CreditTransfer.Core.Domain.Tests.ApplicationConfigTests.ApplicationConfig_ValueValidation_ValidValues(value: &quot;simple_value&quot;)" computerName="LP-AMEENE21" duration="00:00:00.0006131" startTime="2025-07-07T19:53:25.2763349+03:00" endTime="2025-07-07T19:53:25.2763350+03:00" testType="13cdc9d9-ddb5-4fa4-a97d-d965ccfc6d4b" outcome="Passed" testListId="8c84fa94-04c1-424b-9868-57a2d4851a1d" relativeResultsDirectory="1cf30566-69c4-436a-a58a-66cf2401ae99" />
    <UnitTestResult executionId="83643d62-67a3-4101-bc94-afb33dc84368" testId="dcbee998-7ba1-4720-ff24-400743a048cb" testName="CreditTransfer.Core.Domain.Tests.ApplicationConfigTests.ApplicationConfig_ValidKeyNames(keyName: &quot;MaxTransferAmount&quot;)" computerName="LP-AMEENE21" duration="00:00:00.0000086" startTime="2025-07-07T19:53:25.2757484+03:00" endTime="2025-07-07T19:53:25.2757484+03:00" testType="13cdc9d9-ddb5-4fa4-a97d-d965ccfc6d4b" outcome="Passed" testListId="8c84fa94-04c1-424b-9868-57a2d4851a1d" relativeResultsDirectory="83643d62-67a3-4101-bc94-afb33dc84368" />
    <UnitTestResult executionId="c4d97dc7-23d5-4c7b-9b86-21b355807e46" testId="98c01ec7-b285-5d99-9749-17c268c71e2b" testName="CreditTransfer.Core.Domain.Tests.CreditTransferResponseTests.CreditTransferResponse_IsSuccess_StatusCodeValidation(statusCode: 2, expectedSuccess: False)" computerName="LP-AMEENE21" duration="00:00:00.0001165" startTime="2025-07-07T19:53:25.2751757+03:00" endTime="2025-07-07T19:53:25.2751757+03:00" testType="13cdc9d9-ddb5-4fa4-a97d-d965ccfc6d4b" outcome="Passed" testListId="8c84fa94-04c1-424b-9868-57a2d4851a1d" relativeResultsDirectory="c4d97dc7-23d5-4c7b-9b86-21b355807e46" />
    <UnitTestResult executionId="814e7632-940f-42ba-a9d5-fcb077160e94" testId="874f8e0e-d1b9-97e4-3d35-feb3f8797993" testName="CreditTransfer.Core.Domain.Tests.TransferConfigTests.TransferConfig_BusinessRuleEnforcement" computerName="LP-AMEENE21" duration="00:00:00.0005149" startTime="2025-07-07T19:53:25.2775633+03:00" endTime="2025-07-07T19:53:25.2775634+03:00" testType="13cdc9d9-ddb5-4fa4-a97d-d965ccfc6d4b" outcome="Passed" testListId="8c84fa94-04c1-424b-9868-57a2d4851a1d" relativeResultsDirectory="814e7632-940f-42ba-a9d5-fcb077160e94" />
    <UnitTestResult executionId="181e99c3-a2f7-4354-b286-cac1803be7b1" testId="d88a0d6b-516d-0c6f-8518-5af3315f3f45" testName="CreditTransfer.Core.Domain.Tests.TransactionTests.Transaction_AuditFieldsValidation" computerName="LP-AMEENE21" duration="00:00:00.0001765" startTime="2025-07-07T19:53:25.3107782+03:00" endTime="2025-07-07T19:53:25.3107782+03:00" testType="13cdc9d9-ddb5-4fa4-a97d-d965ccfc6d4b" outcome="Passed" testListId="8c84fa94-04c1-424b-9868-57a2d4851a1d" relativeResultsDirectory="181e99c3-a2f7-4354-b286-cac1803be7b1" />
    <UnitTestResult executionId="21ac5e25-278e-4c6e-90a9-7e1b02d9381c" testId="8d890cda-39d9-ec46-c8af-f7b772ef1a4c" testName="CreditTransfer.Core.Domain.Tests.CreditTransferRequestTests.CreditTransferRequest_MsisdnValidation(msisdn: &quot;96898455550&quot;, shouldBeValid: True)" computerName="LP-AMEENE21" duration="00:00:00.0000195" startTime="2025-07-07T19:53:25.3115173+03:00" endTime="2025-07-07T19:53:25.3115173+03:00" testType="13cdc9d9-ddb5-4fa4-a97d-d965ccfc6d4b" outcome="Passed" testListId="8c84fa94-04c1-424b-9868-57a2d4851a1d" relativeResultsDirectory="21ac5e25-278e-4c6e-90a9-7e1b02d9381c" />
    <UnitTestResult executionId="2c1142de-d6b9-4de8-98fc-44c79dafee3b" testId="12631c2f-9d84-b6f6-b608-6b218eb6b95d" testName="CreditTransfer.Core.Domain.Tests.MessageTests.Message_SpecialCharactersValidation" computerName="LP-AMEENE21" duration="00:00:00.0002768" startTime="2025-07-07T19:53:25.2783928+03:00" endTime="2025-07-07T19:53:25.2783928+03:00" testType="13cdc9d9-ddb5-4fa4-a97d-d965ccfc6d4b" outcome="Passed" testListId="8c84fa94-04c1-424b-9868-57a2d4851a1d" relativeResultsDirectory="2c1142de-d6b9-4de8-98fc-44c79dafee3b" />
    <UnitTestResult executionId="edb56540-a6c9-4ef5-b548-5c63faf392e1" testId="04cb8786-bb84-a64e-2938-0de4f7da0ba4" testName="CreditTransfer.Core.Domain.Tests.CreditTransferResponseTests.CreditTransferResponse_BusinessRuleValidation_ErrorWithoutAmount" computerName="LP-AMEENE21" duration="00:00:00.0001557" startTime="2025-07-07T19:53:25.2780894+03:00" endTime="2025-07-07T19:53:25.2780894+03:00" testType="13cdc9d9-ddb5-4fa4-a97d-d965ccfc6d4b" outcome="Passed" testListId="8c84fa94-04c1-424b-9868-57a2d4851a1d" relativeResultsDirectory="edb56540-a6c9-4ef5-b548-5c63faf392e1" />
    <UnitTestResult executionId="70dd8da6-4ef1-40de-b7dd-dae05143f2d5" testId="396fe4ad-843e-2d99-f72f-17dd01b032c3" testName="CreditTransfer.Core.Domain.Tests.MessageTests.Message_KeyValidation_RequiredAttribute" computerName="LP-AMEENE21" duration="00:00:00.0010538" startTime="2025-07-07T19:53:25.2796390+03:00" endTime="2025-07-07T19:53:25.2796390+03:00" testType="13cdc9d9-ddb5-4fa4-a97d-d965ccfc6d4b" outcome="Passed" testListId="8c84fa94-04c1-424b-9868-57a2d4851a1d" relativeResultsDirectory="70dd8da6-4ef1-40de-b7dd-dae05143f2d5" />
    <UnitTestResult executionId="66c1dcf1-f008-479d-bd59-1d9c57b600c7" testId="a5760200-4cb8-4dae-98a1-172315124383" testName="CreditTransfer.Core.Domain.Tests.CreditTransferRequestTests.CreditTransferRequest_MsisdnValidation(msisdn: &quot;96876325315&quot;, shouldBeValid: True)" computerName="LP-AMEENE21" duration="00:00:00.0000206" startTime="2025-07-07T19:53:25.3112181+03:00" endTime="2025-07-07T19:53:25.3112182+03:00" testType="13cdc9d9-ddb5-4fa4-a97d-d965ccfc6d4b" outcome="Passed" testListId="8c84fa94-04c1-424b-9868-57a2d4851a1d" relativeResultsDirectory="66c1dcf1-f008-479d-bd59-1d9c57b600c7" />
    <UnitTestResult executionId="c1db5793-e912-4183-9cf7-196d50d59d52" testId="8370cce9-3bbd-aaa0-5141-05ae60a40b05" testName="CreditTransfer.Core.Domain.Tests.TransferConfigTests.TransferConfig_ValidMinTransferAmounts(amount: 5)" computerName="LP-AMEENE21" duration="00:00:00.0002218" startTime="2025-07-07T19:53:25.2702014+03:00" endTime="2025-07-07T19:53:25.2702015+03:00" testType="13cdc9d9-ddb5-4fa4-a97d-d965ccfc6d4b" outcome="Passed" testListId="8c84fa94-04c1-424b-9868-57a2d4851a1d" relativeResultsDirectory="c1db5793-e912-4183-9cf7-196d50d59d52" />
    <UnitTestResult executionId="1e5c51cf-ee10-489e-bf0e-a57a376968bf" testId="8cb72716-7c82-36b4-e18b-13f88dc8eb21" testName="CreditTransfer.Core.Domain.Tests.CreditTransferRequestTests.CreditTransferRequest_DefaultConstructor_SetsDefaultValues" computerName="LP-AMEENE21" duration="00:00:00.0120058" startTime="2025-07-07T19:53:25.2492507+03:00" endTime="2025-07-07T19:53:25.2492507+03:00" testType="13cdc9d9-ddb5-4fa4-a97d-d965ccfc6d4b" outcome="Passed" testListId="8c84fa94-04c1-424b-9868-57a2d4851a1d" relativeResultsDirectory="1e5c51cf-ee10-489e-bf0e-a57a376968bf" />
    <UnitTestResult executionId="6505ab4f-4a32-465c-b5b1-78820dabca10" testId="caac4c6e-dbb2-9e95-707e-fbc22915b266" testName="CreditTransfer.Core.Domain.Tests.MessageTests.Message_MessageKeyConsistency" computerName="LP-AMEENE21" duration="00:00:00.0003142" startTime="2025-07-07T19:53:25.2778454+03:00" endTime="2025-07-07T19:53:25.2778455+03:00" testType="13cdc9d9-ddb5-4fa4-a97d-d965ccfc6d4b" outcome="Passed" testListId="8c84fa94-04c1-424b-9868-57a2d4851a1d" relativeResultsDirectory="6505ab4f-4a32-465c-b5b1-78820dabca10" />
    <UnitTestResult executionId="2f34da17-da86-44a5-a56b-9b1259b014e4" testId="8b5cd010-9ab5-c23d-180c-ac740b4ced4a" testName="CreditTransfer.Core.Domain.Tests.MessageTests.Message_IsActiveDefaultValue" computerName="LP-AMEENE21" duration="00:00:00.0000883" startTime="2025-07-07T19:53:25.2796267+03:00" endTime="2025-07-07T19:53:25.2796267+03:00" testType="13cdc9d9-ddb5-4fa4-a97d-d965ccfc6d4b" outcome="Passed" testListId="8c84fa94-04c1-424b-9868-57a2d4851a1d" relativeResultsDirectory="2f34da17-da86-44a5-a56b-9b1259b014e4" />
    <UnitTestResult executionId="88757707-863e-47e4-8e9d-0f30438b3a95" testId="37b8b99a-4b70-44c4-2a9b-4902d05b61d2" testName="CreditTransfer.Core.Domain.Tests.ApplicationConfigTests.ApplicationConfig_ValidKeyNames(keyName: &quot;CurrencyUnitConversion&quot;)" computerName="LP-AMEENE21" duration="00:00:00.0004364" startTime="2025-07-07T19:53:25.2750157+03:00" endTime="2025-07-07T19:53:25.2750158+03:00" testType="13cdc9d9-ddb5-4fa4-a97d-d965ccfc6d4b" outcome="Passed" testListId="8c84fa94-04c1-424b-9868-57a2d4851a1d" relativeResultsDirectory="88757707-863e-47e4-8e9d-0f30438b3a95" />
    <UnitTestResult executionId="0d41e871-5e56-4983-9793-5e2a5d359a51" testId="09574a8e-83c8-ab25-a87d-94e67e68e85b" testName="CreditTransfer.Core.Domain.Tests.CreditTransferRequestTests.CreditTransferRequest_LargeAmountValidation" computerName="LP-AMEENE21" duration="00:00:00.0001147" startTime="2025-07-07T19:53:25.3126484+03:00" endTime="2025-07-07T19:53:25.3126484+03:00" testType="13cdc9d9-ddb5-4fa4-a97d-d965ccfc6d4b" outcome="Passed" testListId="8c84fa94-04c1-424b-9868-57a2d4851a1d" relativeResultsDirectory="0d41e871-5e56-4983-9793-5e2a5d359a51" />
    <UnitTestResult executionId="0bd5eebf-b46b-4325-bd08-0a1758a3a04c" testId="de83a7d2-db07-fa64-9299-1ec33efa1243" testName="CreditTransfer.Core.Domain.Tests.ApplicationConfigTests.ApplicationConfig_CategoryValidation_ValidCategories(category: &quot;Transfer&quot;)" computerName="LP-AMEENE21" duration="00:00:00.0000316" startTime="2025-07-07T19:53:25.2775322+03:00" endTime="2025-07-07T19:53:25.2775322+03:00" testType="13cdc9d9-ddb5-4fa4-a97d-d965ccfc6d4b" outcome="Passed" testListId="8c84fa94-04c1-424b-9868-57a2d4851a1d" relativeResultsDirectory="0bd5eebf-b46b-4325-bd08-0a1758a3a04c" />
    <UnitTestResult executionId="c38ddfd4-7066-4a2d-830e-0ad6228afacc" testId="dc80ef01-b751-a6a3-b92b-6774f26388a2" testName="CreditTransfer.Core.Domain.Tests.CreditTransferResponseTests.CreditTransferResponse_IsSuccess_StatusCodeValidation(statusCode: 1, expectedSuccess: False)" computerName="LP-AMEENE21" duration="00:00:00.0000049" startTime="2025-07-07T19:53:25.2760439+03:00" endTime="2025-07-07T19:53:25.2760439+03:00" testType="13cdc9d9-ddb5-4fa4-a97d-d965ccfc6d4b" outcome="Passed" testListId="8c84fa94-04c1-424b-9868-57a2d4851a1d" relativeResultsDirectory="c38ddfd4-7066-4a2d-830e-0ad6228afacc" />
    <UnitTestResult executionId="ceb0a2e3-c87b-43df-8b48-ad228a58d18d" testId="bdd649c8-9a96-ce37-2634-1bdf5e77746f" testName="CreditTransfer.Core.Domain.Tests.ApplicationConfigTests.ApplicationConfig_CategoryValidation_ValidCategories(category: &quot;General&quot;)" computerName="LP-AMEENE21" duration="00:00:00.0000308" startTime="2025-07-07T19:53:25.2775482+03:00" endTime="2025-07-07T19:53:25.2775482+03:00" testType="13cdc9d9-ddb5-4fa4-a97d-d965ccfc6d4b" outcome="Passed" testListId="8c84fa94-04c1-424b-9868-57a2d4851a1d" relativeResultsDirectory="ceb0a2e3-c87b-43df-8b48-ad228a58d18d" />
    <UnitTestResult executionId="5d7fb4ea-8b60-4ffa-8189-bfeac88f70e9" testId="4abe5920-e689-7314-d2fe-24123e6d973c" testName="CreditTransfer.Core.Domain.Tests.CreditTransferResponseTests.CreditTransferResponse_Error_FactoryMethod_CommonErrorCodes(statusCode: 1, statusMessage: &quot;Transfer failed&quot;)" computerName="LP-AMEENE21" duration="00:00:00.0001697" startTime="2025-07-07T19:53:25.2738620+03:00" endTime="2025-07-07T19:53:25.2738621+03:00" testType="13cdc9d9-ddb5-4fa4-a97d-d965ccfc6d4b" outcome="Passed" testListId="8c84fa94-04c1-424b-9868-57a2d4851a1d" relativeResultsDirectory="5d7fb4ea-8b60-4ffa-8189-bfeac88f70e9" />
    <UnitTestResult executionId="1ef4abb7-9e33-44b0-b53f-d3ee47b51894" testId="ebabb476-6f5d-36af-d770-283d722518a3" testName="CreditTransfer.Core.Domain.Tests.TransferConfigTests.TransferConfig_TransferToOtherOperatorValidation(canTransfer: False)" computerName="LP-AMEENE21" duration="00:00:00.0002642" startTime="2025-07-07T19:53:25.2761035+03:00" endTime="2025-07-07T19:53:25.2761035+03:00" testType="13cdc9d9-ddb5-4fa4-a97d-d965ccfc6d4b" outcome="Passed" testListId="8c84fa94-04c1-424b-9868-57a2d4851a1d" relativeResultsDirectory="1ef4abb7-9e33-44b0-b53f-d3ee47b51894" />
    <UnitTestResult executionId="d0bfe40b-d10b-444b-b2a0-a0a20cc3964d" testId="4ae6d1f1-9920-7fcd-b22a-2c14e2bfa09a" testName="CreditTransfer.Core.Domain.Tests.CreditTransferRequestTests.CreditTransferRequest_AdjustmentReasonOptional" computerName="LP-AMEENE21" duration="00:00:00.0000743" startTime="2025-07-07T19:53:25.3129079+03:00" endTime="2025-07-07T19:53:25.3129079+03:00" testType="13cdc9d9-ddb5-4fa4-a97d-d965ccfc6d4b" outcome="Passed" testListId="8c84fa94-04c1-424b-9868-57a2d4851a1d" relativeResultsDirectory="d0bfe40b-d10b-444b-b2a0-a0a20cc3964d" />
    <UnitTestResult executionId="37f3e438-7674-4fea-93ad-fd4f7a11a970" testId="48675c5d-0201-b1b2-2fac-e41b65df24d5" testName="CreditTransfer.Core.Domain.Tests.TransactionTests.Transaction_StatusIdMapping(statusId: 4, expectedStatus: Reserved)" computerName="LP-AMEENE21" duration="00:00:00.0000030" startTime="2025-07-07T19:53:25.3093510+03:00" endTime="2025-07-07T19:53:25.3093510+03:00" testType="13cdc9d9-ddb5-4fa4-a97d-d965ccfc6d4b" outcome="Passed" testListId="8c84fa94-04c1-424b-9868-57a2d4851a1d" relativeResultsDirectory="37f3e438-7674-4fea-93ad-fd4f7a11a970" />
    <UnitTestResult executionId="41cc2181-a2ae-44d6-8cfd-6825f54bf721" testId="1bf19558-1855-b325-5e9f-53c404480d4a" testName="CreditTransfer.Core.Domain.Tests.CreditTransferRequestTests.CreditTransferRequest_RequestIdUniqueness" computerName="LP-AMEENE21" duration="00:00:00.0000708" startTime="2025-07-07T19:53:25.3126978+03:00" endTime="2025-07-07T19:53:25.3126978+03:00" testType="13cdc9d9-ddb5-4fa4-a97d-d965ccfc6d4b" outcome="Passed" testListId="8c84fa94-04c1-424b-9868-57a2d4851a1d" relativeResultsDirectory="41cc2181-a2ae-44d6-8cfd-6825f54bf721" />
    <UnitTestResult executionId="d1f04a01-d74c-4bf9-b9b0-2f3067a8f4e8" testId="1f1bcbf3-8f5a-75e6-237b-dc72c377f39a" testName="CreditTransfer.Core.Domain.Tests.CreditTransferRequestTests.CreditTransferRequest_TotalAmountCalculation(riyal: 10, baisa: 0, expectedTotal: 10)" computerName="LP-AMEENE21" duration="00:00:00.0000058" startTime="2025-07-07T19:53:25.3091561+03:00" endTime="2025-07-07T19:53:25.3091561+03:00" testType="13cdc9d9-ddb5-4fa4-a97d-d965ccfc6d4b" outcome="Passed" testListId="8c84fa94-04c1-424b-9868-57a2d4851a1d" relativeResultsDirectory="d1f04a01-d74c-4bf9-b9b0-2f3067a8f4e8" />
    <UnitTestResult executionId="47fd82d3-3a46-4459-b19d-92eb0db07105" testId="cfddb974-f13e-9e19-a0c4-c156f3f62bfd" testName="CreditTransfer.Core.Domain.Tests.ApplicationConfigTests.ApplicationConfig_LastModifiedCanBeSet" computerName="LP-AMEENE21" duration="00:00:00.0001814" startTime="2025-07-07T19:53:25.2793851+03:00" endTime="2025-07-07T19:53:25.2793851+03:00" testType="13cdc9d9-ddb5-4fa4-a97d-d965ccfc6d4b" outcome="Passed" testListId="8c84fa94-04c1-424b-9868-57a2d4851a1d" relativeResultsDirectory="47fd82d3-3a46-4459-b19d-92eb0db07105" />
    <UnitTestResult executionId="65905b38-897c-4ae7-86fa-5f2adc40c08d" testId="e85018c9-8a41-41cf-48b4-eeea090ef211" testName="CreditTransfer.Core.Domain.Tests.ApplicationConfigTests.ApplicationConfig_IsActiveDefaultValue" computerName="LP-AMEENE21" duration="00:00:00.0000803" startTime="2025-07-07T19:53:25.2795668+03:00" endTime="2025-07-07T19:53:25.2795668+03:00" testType="13cdc9d9-ddb5-4fa4-a97d-d965ccfc6d4b" outcome="Passed" testListId="8c84fa94-04c1-424b-9868-57a2d4851a1d" relativeResultsDirectory="65905b38-897c-4ae7-86fa-5f2adc40c08d" />
    <UnitTestResult executionId="eadbaa65-4158-44e1-9052-fe882e25be66" testId="ea50f503-1e7d-c5b8-26b8-e627922320b2" testName="CreditTransfer.Core.Domain.Tests.TransferConfigTests.TransferConfig_ValidMaxTransferAmounts(amount: 10)" computerName="LP-AMEENE21" duration="00:00:00.0000020" startTime="2025-07-07T19:53:25.2765876+03:00" endTime="2025-07-07T19:53:25.2765877+03:00" testType="13cdc9d9-ddb5-4fa4-a97d-d965ccfc6d4b" outcome="Passed" testListId="8c84fa94-04c1-424b-9868-57a2d4851a1d" relativeResultsDirectory="eadbaa65-4158-44e1-9052-fe882e25be66" />
    <UnitTestResult executionId="c2e2bb70-3afa-41f5-8820-266afa889be1" testId="dfcf5314-388b-42b6-339b-ff7e0b6eb035" testName="CreditTransfer.Core.Domain.Tests.CreditTransferRequestTests.CreditTransferRequest_UserNameValidation(userName: &quot;Admin&quot;, shouldBeValid: True)" computerName="LP-AMEENE21" duration="00:00:00.0000068" startTime="2025-07-07T19:53:25.3080158+03:00" endTime="2025-07-07T19:53:25.3080159+03:00" testType="13cdc9d9-ddb5-4fa4-a97d-d965ccfc6d4b" outcome="Passed" testListId="8c84fa94-04c1-424b-9868-57a2d4851a1d" relativeResultsDirectory="c2e2bb70-3afa-41f5-8820-266afa889be1" />
    <UnitTestResult executionId="881e003e-f687-405a-aba7-6c481d465c58" testId="a6070e3a-9db0-4a8a-6c20-b4edb7a1255c" testName="CreditTransfer.Core.Domain.Tests.TransferConfigTests.TransferConfig_BusinessRuleValidation_MinBalanceVsMinTransfer" computerName="LP-AMEENE21" duration="00:00:00.0001823" startTime="2025-07-07T19:53:25.2749993+03:00" endTime="2025-07-07T19:53:25.2749994+03:00" testType="13cdc9d9-ddb5-4fa4-a97d-d965ccfc6d4b" outcome="Passed" testListId="8c84fa94-04c1-424b-9868-57a2d4851a1d" relativeResultsDirectory="881e003e-f687-405a-aba7-6c481d465c58" />
    <UnitTestResult executionId="6e9c2403-444b-4a7c-b14a-f96f91fc892d" testId="5d9b4a38-ec62-871b-6a0f-1592a192ade2" testName="CreditTransfer.Core.Domain.Tests.TransactionTests.Transaction_ReservationIdValidation" computerName="LP-AMEENE21" duration="00:00:00.0001180" startTime="2025-07-07T19:53:25.3097909+03:00" endTime="2025-07-07T19:53:25.3097909+03:00" testType="13cdc9d9-ddb5-4fa4-a97d-d965ccfc6d4b" outcome="Passed" testListId="8c84fa94-04c1-424b-9868-57a2d4851a1d" relativeResultsDirectory="6e9c2403-444b-4a7c-b14a-f96f91fc892d" />
    <UnitTestResult executionId="89fe104d-b9cd-4852-af87-22352a0a3146" testId="c8519758-6585-ce24-c706-1108d4009106" testName="CreditTransfer.Core.Domain.Tests.TransactionTests.Transaction_BackwardsCompatibility_CreationDateProperty" computerName="LP-AMEENE21" duration="00:00:00.0096024" startTime="2025-07-07T19:53:25.2483933+03:00" endTime="2025-07-07T19:53:25.2483933+03:00" testType="13cdc9d9-ddb5-4fa4-a97d-d965ccfc6d4b" outcome="Passed" testListId="8c84fa94-04c1-424b-9868-57a2d4851a1d" relativeResultsDirectory="89fe104d-b9cd-4852-af87-22352a0a3146" />
    <UnitTestResult executionId="2085765d-0285-495f-b76e-08e267e3a360" testId="ec5cac67-1b59-a898-1b90-0560d8ed6fc2" testName="CreditTransfer.Core.Domain.Tests.ApplicationConfigTests.ApplicationConfig_PropertiesSetCorrectly" computerName="LP-AMEENE21" duration="00:00:00.0008333" startTime="2025-07-07T19:53:25.2737931+03:00" endTime="2025-07-07T19:53:25.2737932+03:00" testType="13cdc9d9-ddb5-4fa4-a97d-d965ccfc6d4b" outcome="Passed" testListId="8c84fa94-04c1-424b-9868-57a2d4851a1d" relativeResultsDirectory="2085765d-0285-495f-b76e-08e267e3a360" />
    <UnitTestResult executionId="931571bc-e68b-4a14-879e-94d9a9ac0342" testId="75463ac5-114e-027d-47f9-952596005e01" testName="CreditTransfer.Core.Domain.Tests.CreditTransferRequestTests.CreditTransferRequest_RequestTimestampCanBeSet" computerName="LP-AMEENE21" duration="00:00:00.0001728" startTime="2025-07-07T19:53:25.3081169+03:00" endTime="2025-07-07T19:53:25.3081169+03:00" testType="13cdc9d9-ddb5-4fa4-a97d-d965ccfc6d4b" outcome="Passed" testListId="8c84fa94-04c1-424b-9868-57a2d4851a1d" relativeResultsDirectory="931571bc-e68b-4a14-879e-94d9a9ac0342" />
    <UnitTestResult executionId="ea1405ca-f3cd-4c2d-b4a3-c5a43f9c10b7" testId="4604d36c-a266-5c5c-793a-f5278bece865" testName="CreditTransfer.Core.Domain.Tests.CreditTransferRequestTests.CreditTransferRequest_IsValid_InvalidScenarios(source: &quot;96876325315&quot;, destination: &quot;96878715705&quot;, riyal: 10, baisa: 500, pin: &quot;&quot;, userName: &quot;TestUser&quot;, expectedValid: False)" computerName="LP-AMEENE21" duration="00:00:00.0000015" startTime="2025-07-07T19:53:25.3107116+03:00" endTime="2025-07-07T19:53:25.3107116+03:00" testType="13cdc9d9-ddb5-4fa4-a97d-d965ccfc6d4b" outcome="Passed" testListId="8c84fa94-04c1-424b-9868-57a2d4851a1d" relativeResultsDirectory="ea1405ca-f3cd-4c2d-b4a3-c5a43f9c10b7" />
    <UnitTestResult executionId="20c26b9d-d6e8-4340-9f49-a7225a320fa6" testId="5caf01c3-a8f8-7ccc-b96e-61659b66343f" testName="CreditTransfer.Core.Domain.Tests.CreditTransferResponseTests.CreditTransferResponse_ProcessedAmount_OptionalField" computerName="LP-AMEENE21" duration="00:00:00.0001994" startTime="2025-07-07T19:53:25.2795691+03:00" endTime="2025-07-07T19:53:25.2795692+03:00" testType="13cdc9d9-ddb5-4fa4-a97d-d965ccfc6d4b" outcome="Passed" testListId="8c84fa94-04c1-424b-9868-57a2d4851a1d" relativeResultsDirectory="20c26b9d-d6e8-4340-9f49-a7225a320fa6" />
    <UnitTestResult executionId="8137537c-804e-43ac-b56c-08bbd3a630b3" testId="fe8e3eeb-0da3-11a7-5a04-cd675d1c5e06" testName="CreditTransfer.Core.Domain.Tests.TransferConfigTests.TransferConfig_BusinessRuleValidation_DailyLimits" computerName="LP-AMEENE21" duration="00:00:00.0001903" startTime="2025-07-07T19:53:25.2783809+03:00" endTime="2025-07-07T19:53:25.2783809+03:00" testType="13cdc9d9-ddb5-4fa4-a97d-d965ccfc6d4b" outcome="Passed" testListId="8c84fa94-04c1-424b-9868-57a2d4851a1d" relativeResultsDirectory="8137537c-804e-43ac-b56c-08bbd3a630b3" />
    <UnitTestResult executionId="f52c2160-2018-46e4-994b-aeee9525e200" testId="a265ca5d-2541-8d3c-1741-c4860c58e76d" testName="CreditTransfer.Core.Domain.Tests.TransferConfigTests.TransferConfig_ValidDailyTransferCountLimits(limit: 1)" computerName="LP-AMEENE21" duration="00:00:00.0000028" startTime="2025-07-07T19:53:25.2777937+03:00" endTime="2025-07-07T19:53:25.2777938+03:00" testType="13cdc9d9-ddb5-4fa4-a97d-d965ccfc6d4b" outcome="Passed" testListId="8c84fa94-04c1-424b-9868-57a2d4851a1d" relativeResultsDirectory="f52c2160-2018-46e4-994b-aeee9525e200" />
    <UnitTestResult executionId="c4428cd2-d066-42f8-b6ae-2f9353fb6172" testId="adcdaf42-d079-6ac6-2c04-de0fb125a253" testName="CreditTransfer.Core.Domain.Tests.CreditTransferResponseTests.CreditTransferResponse_ResponseTimestamp_AutoGeneration" computerName="LP-AMEENE21" duration="00:00:00.0005657" startTime="2025-07-07T19:53:25.2787123+03:00" endTime="2025-07-07T19:53:25.2787124+03:00" testType="13cdc9d9-ddb5-4fa4-a97d-d965ccfc6d4b" outcome="Passed" testListId="8c84fa94-04c1-424b-9868-57a2d4851a1d" relativeResultsDirectory="c4428cd2-d066-42f8-b6ae-2f9353fb6172" />
    <UnitTestResult executionId="4d507d69-b1ec-4989-8d7e-8163164b0326" testId="b6a5b61a-a2bc-cd43-e05c-46e45077c4ac" testName="CreditTransfer.Core.Domain.Tests.TransactionTests.Transaction_AmountValidation_ValidAmounts(amount: 0)" computerName="LP-AMEENE21" duration="00:00:00.0000015" startTime="2025-07-07T19:53:25.3086395+03:00" endTime="2025-07-07T19:53:25.3086395+03:00" testType="13cdc9d9-ddb5-4fa4-a97d-d965ccfc6d4b" outcome="Passed" testListId="8c84fa94-04c1-424b-9868-57a2d4851a1d" relativeResultsDirectory="4d507d69-b1ec-4989-8d7e-8163164b0326" />
    <UnitTestResult executionId="633cbfde-e8cf-47cf-912a-e78e375ba280" testId="67df845d-8eca-b3b5-9a41-264b3fcf07d3" testName="CreditTransfer.Core.Domain.Tests.TransactionTests.Transaction_NumberOfRetriesValidation" computerName="LP-AMEENE21" duration="00:00:00.0004276" startTime="2025-07-07T19:53:25.3081316+03:00" endTime="2025-07-07T19:53:25.3081316+03:00" testType="13cdc9d9-ddb5-4fa4-a97d-d965ccfc6d4b" outcome="Passed" testListId="8c84fa94-04c1-424b-9868-57a2d4851a1d" relativeResultsDirectory="633cbfde-e8cf-47cf-912a-e78e375ba280" />
    <UnitTestResult executionId="13d7836c-ddf0-4416-9ff6-7ca2abffce84" testId="856f7c4c-8c04-7a09-65f3-d26056e125c5" testName="CreditTransfer.Core.Domain.Tests.MessageTests.Message_ValidMessageKeys(messageKey: &quot;UNKNOWN_SUBSCRIBER&quot;)" computerName="LP-AMEENE21" duration="00:00:00.0000070" startTime="2025-07-07T19:53:25.2770198+03:00" endTime="2025-07-07T19:53:25.2770199+03:00" testType="13cdc9d9-ddb5-4fa4-a97d-d965ccfc6d4b" outcome="Passed" testListId="8c84fa94-04c1-424b-9868-57a2d4851a1d" relativeResultsDirectory="13d7836c-ddf0-4416-9ff6-7ca2abffce84" />
    <UnitTestResult executionId="98382a84-5c99-47d1-9d6b-5343d9a7d5b5" testId="48bf93f7-fb23-62ab-6fec-285cb7bc9794" testName="CreditTransfer.Core.Domain.Tests.CreditTransferResponseTests.CreditTransferResponse_StatusCode_NegativeValues" computerName="LP-AMEENE21" duration="00:00:00.0001156" startTime="2025-07-07T19:53:25.2763424+03:00" endTime="2025-07-07T19:53:25.2763424+03:00" testType="13cdc9d9-ddb5-4fa4-a97d-d965ccfc6d4b" outcome="Passed" testListId="8c84fa94-04c1-424b-9868-57a2d4851a1d" relativeResultsDirectory="98382a84-5c99-47d1-9d6b-5343d9a7d5b5" />
    <UnitTestResult executionId="6b851b16-b78f-47e3-881a-d9a22157a69b" testId="c68fa34d-ec5b-85af-f465-14bb8806dc63" testName="CreditTransfer.Core.Domain.Tests.CreditTransferResponseTests.CreditTransferResponse_ResponseTimestamp_CanBeSet" computerName="LP-AMEENE21" duration="00:00:00.0002010" startTime="2025-07-07T19:53:25.2762934+03:00" endTime="2025-07-07T19:53:25.2762934+03:00" testType="13cdc9d9-ddb5-4fa4-a97d-d965ccfc6d4b" outcome="Passed" testListId="8c84fa94-04c1-424b-9868-57a2d4851a1d" relativeResultsDirectory="6b851b16-b78f-47e3-881a-d9a22157a69b" />
    <UnitTestResult executionId="b76db42b-eda9-4748-9be9-51b563e7c28b" testId="d82ebed3-0fc3-0de8-a6a1-f0f00f5bd958" testName="CreditTransfer.Core.Domain.Tests.TransferConfigTests.TransferConfig_ValidNobillSubscriptionTypes(subscriptionType: &quot;STAFF&quot;)" computerName="LP-AMEENE21" duration="00:00:00.0000032" startTime="2025-07-07T19:53:25.2772652+03:00" endTime="2025-07-07T19:53:25.2772652+03:00" testType="13cdc9d9-ddb5-4fa4-a97d-d965ccfc6d4b" outcome="Passed" testListId="8c84fa94-04c1-424b-9868-57a2d4851a1d" relativeResultsDirectory="b76db42b-eda9-4748-9be9-51b563e7c28b" />
    <UnitTestResult executionId="821464d7-3b65-42a1-8ee4-36d04511428f" testId="cc80476f-eb47-0c18-d8de-6b7e7ef6d4d4" testName="CreditTransfer.Core.Domain.Tests.ApplicationConfigTests.ApplicationConfig_KeyValidation_RequiredAttribute" computerName="LP-AMEENE21" duration="00:00:00.0012242" startTime="2025-07-07T19:53:25.2790679+03:00" endTime="2025-07-07T19:53:25.2790680+03:00" testType="13cdc9d9-ddb5-4fa4-a97d-d965ccfc6d4b" outcome="Passed" testListId="8c84fa94-04c1-424b-9868-57a2d4851a1d" relativeResultsDirectory="821464d7-3b65-42a1-8ee4-36d04511428f" />
    <UnitTestResult executionId="3657920e-2f86-49ba-ae1a-c54f3c2bb11d" testId="c854350b-a126-8883-3180-1718356be97d" testName="CreditTransfer.Core.Domain.Tests.CreditTransferRequestTests.CreditTransferRequest_AmountValidation(riyal: 999, baisa: 999, shouldBeValid: True)" computerName="LP-AMEENE21" duration="00:00:00.0001370" startTime="2025-07-07T19:53:25.3092998+03:00" endTime="2025-07-07T19:53:25.3092998+03:00" testType="13cdc9d9-ddb5-4fa4-a97d-d965ccfc6d4b" outcome="Passed" testListId="8c84fa94-04c1-424b-9868-57a2d4851a1d" relativeResultsDirectory="3657920e-2f86-49ba-ae1a-c54f3c2bb11d" />
    <UnitTestResult executionId="9320cc5a-f96a-4d89-a412-e95f8cf274e3" testId="51085eac-b7cc-f9b8-d166-a7a51edec2a9" testName="CreditTransfer.Core.Domain.Tests.MessageTests.Message_PropertiesSetCorrectly" computerName="LP-AMEENE21" duration="00:00:00.0006834" startTime="2025-07-07T19:53:25.2793628+03:00" endTime="2025-07-07T19:53:25.2793628+03:00" testType="13cdc9d9-ddb5-4fa4-a97d-d965ccfc6d4b" outcome="Passed" testListId="8c84fa94-04c1-424b-9868-57a2d4851a1d" relativeResultsDirectory="9320cc5a-f96a-4d89-a412-e95f8cf274e3" />
    <UnitTestResult executionId="91664bc3-ace2-45bd-b119-f6f5d372705e" testId="928366e4-129c-fbac-7f4c-3eebaa79b98c" testName="CreditTransfer.Core.Domain.Tests.TransferConfigTests.TransferConfig_ValidDailyTransferCapLimits(limit: 50)" computerName="LP-AMEENE21" duration="00:00:00.0000013" startTime="2025-07-07T19:53:25.2736857+03:00" endTime="2025-07-07T19:53:25.2736858+03:00" testType="13cdc9d9-ddb5-4fa4-a97d-d965ccfc6d4b" outcome="Passed" testListId="8c84fa94-04c1-424b-9868-57a2d4851a1d" relativeResultsDirectory="91664bc3-ace2-45bd-b119-f6f5d372705e" />
    <UnitTestResult executionId="3527f079-d2c8-4c17-8d98-cdacaa7b2e86" testId="c137a9ef-94b4-ef5c-9a14-b3366c5f011c" testName="CreditTransfer.Core.Domain.Tests.TransferConfigTests.TransferConfig_ValidMinPostTransferBalances(balance: 10)" computerName="LP-AMEENE21" duration="00:00:00.0003500" startTime="2025-07-07T19:53:25.2726143+03:00" endTime="2025-07-07T19:53:25.2726144+03:00" testType="13cdc9d9-ddb5-4fa4-a97d-d965ccfc6d4b" outcome="Passed" testListId="8c84fa94-04c1-424b-9868-57a2d4851a1d" relativeResultsDirectory="3527f079-d2c8-4c17-8d98-cdacaa7b2e86" />
    <UnitTestResult executionId="b28f39dc-c865-4bbe-a4bc-907fbb274069" testId="60875231-4251-e791-178a-14d59548badf" testName="CreditTransfer.Core.Domain.Tests.MessageTests.Message_TextEnValidation_RequiredAttribute" computerName="LP-AMEENE21" duration="00:00:00.0007105" startTime="2025-07-07T19:53:25.2776046+03:00" endTime="2025-07-07T19:53:25.2776047+03:00" testType="13cdc9d9-ddb5-4fa4-a97d-d965ccfc6d4b" outcome="Passed" testListId="8c84fa94-04c1-424b-9868-57a2d4851a1d" relativeResultsDirectory="b28f39dc-c865-4bbe-a4bc-907fbb274069" />
    <UnitTestResult executionId="ebf94965-ea35-43bf-839f-f2fbce938c71" testId="9260430a-4029-c613-6fa4-e9974cb9942d" testName="CreditTransfer.Core.Domain.Tests.CreditTransferResponseTests.CreditTransferResponse_ErrorHandling_DataIntegrity" computerName="LP-AMEENE21" duration="00:00:00.0007429" startTime="2025-07-07T19:53:25.2726481+03:00" endTime="2025-07-07T19:53:25.2726481+03:00" testType="13cdc9d9-ddb5-4fa4-a97d-d965ccfc6d4b" outcome="Passed" testListId="8c84fa94-04c1-424b-9868-57a2d4851a1d" relativeResultsDirectory="ebf94965-ea35-43bf-839f-f2fbce938c71" />
    <UnitTestResult executionId="fe7c7359-5094-4c9e-9507-4d96b2fedd8a" testId="c9f97bd0-240a-0913-0d2f-41236d3ef64a" testName="CreditTransfer.Core.Domain.Tests.CreditTransferRequestTests.CreditTransferRequest_MaxBaisaValidation" computerName="LP-AMEENE21" duration="00:00:00.0000557" startTime="2025-07-07T19:53:25.3129208+03:00" endTime="2025-07-07T19:53:25.3129208+03:00" testType="13cdc9d9-ddb5-4fa4-a97d-d965ccfc6d4b" outcome="Passed" testListId="8c84fa94-04c1-424b-9868-57a2d4851a1d" relativeResultsDirectory="fe7c7359-5094-4c9e-9507-4d96b2fedd8a" />
    <UnitTestResult executionId="b695da02-02d0-499e-a422-29165f6e3e79" testId="1c3e5b06-ee24-c4fe-7e65-a3d426d3131c" testName="CreditTransfer.Core.Domain.Tests.CreditTransferResponseTests.CreditTransferResponse_Success_FactoryMethod" computerName="LP-AMEENE21" duration="00:00:00.0004318" startTime="2025-07-07T19:53:25.2790321+03:00" endTime="2025-07-07T19:53:25.2790322+03:00" testType="13cdc9d9-ddb5-4fa4-a97d-d965ccfc6d4b" outcome="Passed" testListId="8c84fa94-04c1-424b-9868-57a2d4851a1d" relativeResultsDirectory="b695da02-02d0-499e-a422-29165f6e3e79" />
    <UnitTestResult executionId="66e8473c-1805-4c81-81dc-3152a65ff093" testId="2238795a-0c00-ec75-4f2b-88b8722d25fd" testName="CreditTransfer.Core.Domain.Tests.ApplicationConfigTests.ApplicationConfig_DefaultConstructor_SetsDefaultValues" computerName="LP-AMEENE21" duration="00:00:00.0005072" startTime="2025-07-07T19:53:25.2770740+03:00" endTime="2025-07-07T19:53:25.2770740+03:00" testType="13cdc9d9-ddb5-4fa4-a97d-d965ccfc6d4b" outcome="Passed" testListId="8c84fa94-04c1-424b-9868-57a2d4851a1d" relativeResultsDirectory="66e8473c-1805-4c81-81dc-3152a65ff093" />
    <UnitTestResult executionId="f752fda9-bc7a-44c4-b905-7c51d209a42b" testId="efbbfc71-5621-b14d-e485-bfb732fee208" testName="CreditTransfer.Core.Domain.Tests.CreditTransferRequestTests.CreditTransferRequest_UserNameValidation(userName: &quot;user@example.com&quot;, shouldBeValid: True)" computerName="LP-AMEENE21" duration="00:00:00.0000067" startTime="2025-07-07T19:53:25.3080568+03:00" endTime="2025-07-07T19:53:25.3080568+03:00" testType="13cdc9d9-ddb5-4fa4-a97d-d965ccfc6d4b" outcome="Passed" testListId="8c84fa94-04c1-424b-9868-57a2d4851a1d" relativeResultsDirectory="f752fda9-bc7a-44c4-b905-7c51d209a42b" />
    <UnitTestResult executionId="8a797e6e-2977-4b8e-b3b0-ab057c232e15" testId="c555f488-0b39-4c37-0d9c-613b4ea91fb9" testName="CreditTransfer.Core.Domain.Tests.ApplicationConfigTests.ApplicationConfig_ValueValidation_ValidValues(value: &quot;DefaultOperatorCreditTransferIN&quot;)" computerName="LP-AMEENE21" duration="00:00:00.0000360" startTime="2025-07-07T19:53:25.2767501+03:00" endTime="2025-07-07T19:53:25.2767501+03:00" testType="13cdc9d9-ddb5-4fa4-a97d-d965ccfc6d4b" outcome="Passed" testListId="8c84fa94-04c1-424b-9868-57a2d4851a1d" relativeResultsDirectory="8a797e6e-2977-4b8e-b3b0-ab057c232e15" />
    <UnitTestResult executionId="2dc6ab89-39c6-4a0f-90d6-820a6af1f02e" testId="6049d518-1300-c0e6-5033-c86e0b9b5db1" testName="CreditTransfer.Core.Domain.Tests.MessageTests.Message_KeyValidation_ExactMaxLength" computerName="LP-AMEENE21" duration="00:00:00.0003247" startTime="2025-07-07T19:53:25.2798328+03:00" endTime="2025-07-07T19:53:25.2798328+03:00" testType="13cdc9d9-ddb5-4fa4-a97d-d965ccfc6d4b" outcome="Passed" testListId="8c84fa94-04c1-424b-9868-57a2d4851a1d" relativeResultsDirectory="2dc6ab89-39c6-4a0f-90d6-820a6af1f02e" />
    <UnitTestResult executionId="5ff01cf0-e5fb-41c8-a333-636d3aee5e99" testId="7ff65f51-4c06-3af9-e17e-3df21a47529c" testName="CreditTransfer.Core.Domain.Tests.TransferConfigTests.TransferConfig_TransferRestrictionsValidation" computerName="LP-AMEENE21" duration="00:00:00.0001557" startTime="2025-07-07T19:53:25.2783323+03:00" endTime="2025-07-07T19:53:25.2783324+03:00" testType="13cdc9d9-ddb5-4fa4-a97d-d965ccfc6d4b" outcome="Passed" testListId="8c84fa94-04c1-424b-9868-57a2d4851a1d" relativeResultsDirectory="5ff01cf0-e5fb-41c8-a333-636d3aee5e99" />
    <UnitTestResult executionId="de9907da-7112-470d-8ab7-ac74c5ebd30d" testId="c4441054-d95c-a494-8575-fe985f4d488c" testName="CreditTransfer.Core.Domain.Tests.TransactionTests.Transaction_ExtensionDaysValidation" computerName="LP-AMEENE21" duration="00:00:00.0001107" startTime="2025-07-07T19:53:25.3103483+03:00" endTime="2025-07-07T19:53:25.3103483+03:00" testType="13cdc9d9-ddb5-4fa4-a97d-d965ccfc6d4b" outcome="Passed" testListId="8c84fa94-04c1-424b-9868-57a2d4851a1d" relativeResultsDirectory="de9907da-7112-470d-8ab7-ac74c5ebd30d" />
    <UnitTestResult executionId="e8bdf1e8-ad2f-49cb-a04f-e3ba1ee16d34" testId="4d7c0644-4d92-a498-d33c-54a4f2f1a498" testName="CreditTransfer.Core.Domain.Tests.ApplicationConfigTests.ApplicationConfig_UniqueKeyValidation" computerName="LP-AMEENE21" duration="00:00:00.0096543" startTime="2025-07-07T19:53:25.2483835+03:00" endTime="2025-07-07T19:53:25.2483836+03:00" testType="13cdc9d9-ddb5-4fa4-a97d-d965ccfc6d4b" outcome="Passed" testListId="8c84fa94-04c1-424b-9868-57a2d4851a1d" relativeResultsDirectory="e8bdf1e8-ad2f-49cb-a04f-e3ba1ee16d34" />
    <UnitTestResult executionId="3ff540ee-f3e6-4698-a343-0e23654bc910" testId="17fa1677-0094-3698-9685-6a6c8c94e9ee" testName="CreditTransfer.Core.Domain.Tests.CreditTransferRequestTests.CreditTransferRequest_TotalAmountCalculation(riyal: 100, baisa: 750, expectedTotal: 100.75)" computerName="LP-AMEENE21" duration="00:00:00.0000059" startTime="2025-07-07T19:53:25.3087998+03:00" endTime="2025-07-07T19:53:25.3087999+03:00" testType="13cdc9d9-ddb5-4fa4-a97d-d965ccfc6d4b" outcome="Passed" testListId="8c84fa94-04c1-424b-9868-57a2d4851a1d" relativeResultsDirectory="3ff540ee-f3e6-4698-a343-0e23654bc910" />
    <UnitTestResult executionId="5ba29286-04e6-45ea-9c85-e7af61f6ee85" testId="a74e9bf9-3504-6202-2c81-21f1562b6d18" testName="CreditTransfer.Core.Domain.Tests.CreditTransferResponseTests.CreditTransferResponse_Error_FactoryMethod_CommonErrorCodes(statusCode: 30, statusMessage: &quot;Property not found&quot;)" computerName="LP-AMEENE21" duration="00:00:00.0002037" startTime="2025-07-07T19:53:25.2737635+03:00" endTime="2025-07-07T19:53:25.2737636+03:00" testType="13cdc9d9-ddb5-4fa4-a97d-d965ccfc6d4b" outcome="Passed" testListId="8c84fa94-04c1-424b-9868-57a2d4851a1d" relativeResultsDirectory="5ba29286-04e6-45ea-9c85-e7af61f6ee85" />
    <UnitTestResult executionId="af24349e-4677-4dd3-abff-ab575cee94a8" testId="63f9e845-f6fc-e2ab-6050-1c6f96a0192b" testName="CreditTransfer.Core.Domain.Tests.TransferConfigTests.TransferConfig_ValidMinPostTransferBalances(balance: 1)" computerName="LP-AMEENE21" duration="00:00:00.0000015" startTime="2025-07-07T19:53:25.2730783+03:00" endTime="2025-07-07T19:53:25.2730784+03:00" testType="13cdc9d9-ddb5-4fa4-a97d-d965ccfc6d4b" outcome="Passed" testListId="8c84fa94-04c1-424b-9868-57a2d4851a1d" relativeResultsDirectory="af24349e-4677-4dd3-abff-ab575cee94a8" />
    <UnitTestResult executionId="c382b6b7-77af-4fe1-91d3-6321cea3968d" testId="e95ddaaf-d4bb-435b-25f3-515a608cb868" testName="CreditTransfer.Core.Domain.Tests.CreditTransferRequestTests.CreditTransferRequest_MsisdnValidation(msisdn: &quot;123456789012345&quot;, shouldBeValid: False)" computerName="LP-AMEENE21" duration="00:00:00.0003980" startTime="2025-07-07T19:53:25.3119109+03:00" endTime="2025-07-07T19:53:25.3119109+03:00" testType="13cdc9d9-ddb5-4fa4-a97d-d965ccfc6d4b" outcome="Failed" testListId="8c84fa94-04c1-424b-9868-57a2d4851a1d" relativeResultsDirectory="c382b6b7-77af-4fe1-91d3-6321cea3968d">
      <Output>
        <ErrorInfo>
          <Message>Expected isValid to be false, but found True.</Message>
          <StackTrace>   at FluentAssertions.Execution.XUnit2TestFramework.Throw(String message)&#xD;
   at FluentAssertions.Execution.TestFrameworkProvider.Throw(String message)&#xD;
   at FluentAssertions.Execution.DefaultAssertionStrategy.HandleFailure(String message)&#xD;
   at FluentAssertions.Execution.AssertionScope.FailWith(Func`1 failReasonFunc)&#xD;
   at FluentAssertions.Execution.AssertionScope.FailWith(Func`1 failReasonFunc)&#xD;
   at FluentAssertions.Execution.AssertionScope.FailWith(String message, Object[] args)&#xD;
   at FluentAssertions.Primitives.BooleanAssertions`1.BeFalse(String because, Object[] becauseArgs)&#xD;
   at CreditTransfer.Core.Domain.Tests.CreditTransferRequestTests.CreditTransferRequest_MsisdnValidation(String msisdn, Boolean shouldBeValid) in E:\LP\UpgradeStack\CreditTransfer\Migrated\tests\Unit\CreditTransfer.Core.Domain.Tests\CreditTransferRequestTests.cs:line 222&#xD;
   at InvokeStub_CreditTransferRequestTests.CreditTransferRequest_MsisdnValidation(Object, Span`1)&#xD;
   at System.Reflection.MethodBaseInvoker.InvokeWithFewArgs(Object obj, BindingFlags invokeAttr, Binder binder, Object[] parameters, CultureInfo culture)</StackTrace>
        </ErrorInfo>
      </Output>
    </UnitTestResult>
    <UnitTestResult executionId="04094b65-d34e-4fdd-a43f-149c0f14cd61" testId="33aae71a-8443-51e8-029c-b1f4695835bc" testName="CreditTransfer.Core.Domain.Tests.ApplicationConfigTests.ApplicationConfig_IsActiveCanBeSetToFalse" computerName="LP-AMEENE21" duration="00:00:00.0000901" startTime="2025-07-07T19:53:25.2795516+03:00" endTime="2025-07-07T19:53:25.2795516+03:00" testType="13cdc9d9-ddb5-4fa4-a97d-d965ccfc6d4b" outcome="Passed" testListId="8c84fa94-04c1-424b-9868-57a2d4851a1d" relativeResultsDirectory="04094b65-d34e-4fdd-a43f-149c0f14cd61" />
    <UnitTestResult executionId="9aa94572-9ef8-49c9-af24-de6deee7f9b4" testId="cf7850c3-8558-cb28-be51-5983d53ebb52" testName="CreditTransfer.Core.Domain.Tests.CreditTransferResponseTests.CreditTransferResponse_StatusMessage_VariousMessages(statusMessage: &quot;&quot;)" computerName="LP-AMEENE21" duration="00:00:00.0000061" startTime="2025-07-07T19:53:25.2737041+03:00" endTime="2025-07-07T19:53:25.2737041+03:00" testType="13cdc9d9-ddb5-4fa4-a97d-d965ccfc6d4b" outcome="Passed" testListId="8c84fa94-04c1-424b-9868-57a2d4851a1d" relativeResultsDirectory="9aa94572-9ef8-49c9-af24-de6deee7f9b4" />
    <UnitTestResult executionId="0e8dce28-beac-4a5f-91ae-37137236eab4" testId="4f93f855-db6c-d165-9d69-1d2685c8b341" testName="CreditTransfer.Core.Domain.Tests.MessageTests.Message_AllRequiredFieldsValid" computerName="LP-AMEENE21" duration="00:00:00.0017074" startTime="2025-07-07T19:53:25.2760509+03:00" endTime="2025-07-07T19:53:25.2760509+03:00" testType="13cdc9d9-ddb5-4fa4-a97d-d965ccfc6d4b" outcome="Passed" testListId="8c84fa94-04c1-424b-9868-57a2d4851a1d" relativeResultsDirectory="0e8dce28-beac-4a5f-91ae-37137236eab4" />
    <UnitTestResult executionId="c27de906-0229-467c-9649-29ce98727ec1" testId="1764e747-9e8a-d169-3c6e-157d4aa784fb" testName="CreditTransfer.Core.Domain.Tests.TransferConfigTests.TransferConfig_PropertiesSetCorrectly" computerName="LP-AMEENE21" duration="00:00:00.0004109" startTime="2025-07-07T19:53:25.2770384+03:00" endTime="2025-07-07T19:53:25.2770384+03:00" testType="13cdc9d9-ddb5-4fa4-a97d-d965ccfc6d4b" outcome="Passed" testListId="8c84fa94-04c1-424b-9868-57a2d4851a1d" relativeResultsDirectory="c27de906-0229-467c-9649-29ce98727ec1" />
    <UnitTestResult executionId="150dfa65-3794-461f-989f-b051d6336a77" testId="6e703a88-ea71-a410-916c-a82c82fcb7dd" testName="CreditTransfer.Core.Domain.Tests.CreditTransferRequestTests.CreditTransferRequest_IsValid_InvalidScenarios(source: &quot;96876325315&quot;, destination: &quot;96878715705&quot;, riyal: 10, baisa: -1, pin: &quot;1234&quot;, userName: &quot;TestUser&quot;, expectedValid: False)" computerName="LP-AMEENE21" duration="00:00:00.0000031" startTime="2025-07-07T19:53:25.3106951+03:00" endTime="2025-07-07T19:53:25.3106951+03:00" testType="13cdc9d9-ddb5-4fa4-a97d-d965ccfc6d4b" outcome="Passed" testListId="8c84fa94-04c1-424b-9868-57a2d4851a1d" relativeResultsDirectory="150dfa65-3794-461f-989f-b051d6336a77" />
    <UnitTestResult executionId="c41c4fde-70fd-4e25-b1d7-0393ba862b11" testId="9d2bd91e-8b77-d545-068b-4c16ba02646d" testName="CreditTransfer.Core.Domain.Tests.MessageTests.Message_ValidMessageKeys(messageKey: &quot;TRANSFER_SUCCESS&quot;)" computerName="LP-AMEENE21" duration="00:00:00.0001550" startTime="2025-07-07T19:53:25.2767773+03:00" endTime="2025-07-07T19:53:25.2767773+03:00" testType="13cdc9d9-ddb5-4fa4-a97d-d965ccfc6d4b" outcome="Passed" testListId="8c84fa94-04c1-424b-9868-57a2d4851a1d" relativeResultsDirectory="c41c4fde-70fd-4e25-b1d7-0393ba862b11" />
    <UnitTestResult executionId="23cbe440-3828-490d-a145-d7d76eed7581" testId="054021a5-7fc5-1016-d763-cff792fef6f4" testName="CreditTransfer.Core.Domain.Tests.CreditTransferRequestTests.CreditTransferRequest_AmountValidation(riyal: -1, baisa: 0, shouldBeValid: False)" computerName="LP-AMEENE21" duration="00:00:00.0000014" startTime="2025-07-07T19:53:25.3102612+03:00" endTime="2025-07-07T19:53:25.3102612+03:00" testType="13cdc9d9-ddb5-4fa4-a97d-d965ccfc6d4b" outcome="Passed" testListId="8c84fa94-04c1-424b-9868-57a2d4851a1d" relativeResultsDirectory="23cbe440-3828-490d-a145-d7d76eed7581" />
    <UnitTestResult executionId="8d77a63d-0945-45e8-9569-08449519c211" testId="157f2978-9f71-b39f-94e9-b5a4e52f4243" testName="CreditTransfer.Core.Domain.Tests.TransactionTests.Transaction_SourceMsisdnValidation(msisdn: &quot;&quot;, shouldBeValid: False)" computerName="LP-AMEENE21" duration="00:00:00.0000248" startTime="2025-07-07T19:53:25.3039495+03:00" endTime="2025-07-07T19:53:25.3039495+03:00" testType="13cdc9d9-ddb5-4fa4-a97d-d965ccfc6d4b" outcome="Passed" testListId="8c84fa94-04c1-424b-9868-57a2d4851a1d" relativeResultsDirectory="8d77a63d-0945-45e8-9569-08449519c211" />
    <UnitTestResult executionId="9067421b-c34e-4c7f-ade6-ace01526c4c8" testId="991e9f73-50cc-80d8-ea8f-8f6da80487af" testName="CreditTransfer.Core.Domain.Tests.MessageTests.Message_TimestampValidation" computerName="LP-AMEENE21" duration="00:00:00.0003362" startTime="2025-07-07T19:53:25.2798162+03:00" endTime="2025-07-07T19:53:25.2798163+03:00" testType="13cdc9d9-ddb5-4fa4-a97d-d965ccfc6d4b" outcome="Passed" testListId="8c84fa94-04c1-424b-9868-57a2d4851a1d" relativeResultsDirectory="9067421b-c34e-4c7f-ade6-ace01526c4c8" />
    <UnitTestResult executionId="07234406-63a0-4cd7-be0a-5b017d5e33c1" testId="2253a402-d443-8417-d5ce-d842e22e35b6" testName="CreditTransfer.Core.Domain.Tests.TransferConfigTests.TransferConfig_IDValidation" computerName="LP-AMEENE21" duration="00:00:00.0002877" startTime="2025-07-07T19:53:25.2760241+03:00" endTime="2025-07-07T19:53:25.2760241+03:00" testType="13cdc9d9-ddb5-4fa4-a97d-d965ccfc6d4b" outcome="Passed" testListId="8c84fa94-04c1-424b-9868-57a2d4851a1d" relativeResultsDirectory="07234406-63a0-4cd7-be0a-5b017d5e33c1" />
    <UnitTestResult executionId="cb0e76d2-574c-495a-8ee2-efd12f8a751c" testId="825f4be5-4061-ae18-5405-839ab7196562" testName="CreditTransfer.Core.Domain.Tests.MessageTests.Message_IsActiveCanBeSetToFalse" computerName="LP-AMEENE21" duration="00:00:00.0001605" startTime="2025-07-07T19:53:25.2718502+03:00" endTime="2025-07-07T19:53:25.2718503+03:00" testType="13cdc9d9-ddb5-4fa4-a97d-d965ccfc6d4b" outcome="Passed" testListId="8c84fa94-04c1-424b-9868-57a2d4851a1d" relativeResultsDirectory="cb0e76d2-574c-495a-8ee2-efd12f8a751c" />
    <UnitTestResult executionId="e8b2b82f-642b-4361-bde2-9cba039c6c48" testId="91a688c8-4288-25cd-23fc-87ce53c2477c" testName="CreditTransfer.Core.Domain.Tests.CreditTransferRequestTests.CreditTransferRequest_TotalAmountCalculation_MaxBaisa" computerName="LP-AMEENE21" duration="00:00:00.0000632" startTime="2025-07-07T19:53:25.3126853+03:00" endTime="2025-07-07T19:53:25.3126853+03:00" testType="13cdc9d9-ddb5-4fa4-a97d-d965ccfc6d4b" outcome="Passed" testListId="8c84fa94-04c1-424b-9868-57a2d4851a1d" relativeResultsDirectory="e8b2b82f-642b-4361-bde2-9cba039c6c48" />
    <UnitTestResult executionId="92173eea-b603-454f-9335-864a34dcd604" testId="6f2262be-8e83-f318-3ba3-bc810639f8aa" testName="CreditTransfer.Core.Domain.Tests.MessageTests.Message_BilingualTextValidation(englishText: &quot;Invalid PIN&quot;, arabicText: &quot;رقم سري غير صحيح&quot;)" computerName="LP-AMEENE21" duration="00:00:00.0000313" startTime="2025-07-07T19:53:25.2765343+03:00" endTime="2025-07-07T19:53:25.2765344+03:00" testType="13cdc9d9-ddb5-4fa4-a97d-d965ccfc6d4b" outcome="Passed" testListId="8c84fa94-04c1-424b-9868-57a2d4851a1d" relativeResultsDirectory="92173eea-b603-454f-9335-864a34dcd604" />
    <UnitTestResult executionId="2a9fc8b1-3231-40d4-8933-e65a557d7a05" testId="17693e06-db1f-c3fe-8f3f-9937418d5c2a" testName="CreditTransfer.Core.Domain.Tests.CreditTransferResponseTests.CreditTransferResponse_IsSuccess_StatusCodeValidation(statusCode: 22, expectedSuccess: False)" computerName="LP-AMEENE21" duration="00:00:00.0000075" startTime="2025-07-07T19:53:25.2757714+03:00" endTime="2025-07-07T19:53:25.2757714+03:00" testType="13cdc9d9-ddb5-4fa4-a97d-d965ccfc6d4b" outcome="Passed" testListId="8c84fa94-04c1-424b-9868-57a2d4851a1d" relativeResultsDirectory="2a9fc8b1-3231-40d4-8933-e65a557d7a05" />
    <UnitTestResult executionId="fc1c9552-5697-42e4-adef-9d406ace2899" testId="d24fa9d3-8c61-c3fc-c139-bfdf0b2757a7" testName="CreditTransfer.Core.Domain.Tests.CreditTransferResponseTests.CreditTransferResponse_ResponseStructure_CompleteValidation" computerName="LP-AMEENE21" duration="00:00:00.0006392" startTime="2025-07-07T19:53:25.2790779+03:00" endTime="2025-07-07T19:53:25.2790779+03:00" testType="13cdc9d9-ddb5-4fa4-a97d-d965ccfc6d4b" outcome="Passed" testListId="8c84fa94-04c1-424b-9868-57a2d4851a1d" relativeResultsDirectory="fc1c9552-5697-42e4-adef-9d406ace2899" />
    <UnitTestResult executionId="6f89c21e-49ff-4be9-af05-ab7553f4b445" testId="8e5030f1-31e3-8f50-9fd8-24fd029e12b0" testName="CreditTransfer.Core.Domain.Tests.ApplicationConfigTests.ApplicationConfig_KeyValidation_ExactMaxLength" computerName="LP-AMEENE21" duration="00:00:00.0001867" startTime="2025-07-07T19:53:25.2780579+03:00" endTime="2025-07-07T19:53:25.2780579+03:00" testType="13cdc9d9-ddb5-4fa4-a97d-d965ccfc6d4b" outcome="Passed" testListId="8c84fa94-04c1-424b-9868-57a2d4851a1d" relativeResultsDirectory="6f89c21e-49ff-4be9-af05-ab7553f4b445" />
[...]
    <TestEntry testId="0c2fa7be-dce3-0c9e-2e87-c1542c5f9cf4" executionId="a8fb0a23-7250-4317-811f-74f944200aab" testListId="8c84fa94-04c1-424b-9868-57a2d4851a1d" />
    <TestEntry testId="7c7556a6-24d0-7373-e2dc-7c6c150feb68" executionId="0bd6321b-1cc1-4367-aa50-b4226d71761d" testListId="8c84fa94-04c1-424b-9868-57a2d4851a1d" />
    <TestEntry testId="1580d167-1e4f-ad35-b33c-54836ed1c34e" executionId="6fd3be01-b21e-4749-b3d9-17fa58775765" testListId="8c84fa94-04c1-424b-9868-57a2d4851a1d" />
    <TestEntry testId="034742df-965c-9626-cb40-885471bb8289" executionId="f083dfca-1cb3-401a-83af-47599efc04bd" testListId="8c84fa94-04c1-424b-9868-57a2d4851a1d" />
    <TestEntry testId="18874282-6097-ef05-78ec-3024e4fed2aa" executionId="161362e2-4123-4052-8f17-b8f81b20cd11" testListId="8c84fa94-04c1-424b-9868-57a2d4851a1d" />
    <TestEntry testId="fa52c91b-fc93-8887-b4e0-bb8580829acb" executionId="2013c9c1-4a28-4f77-a343-31c73b9b0386" testListId="8c84fa94-04c1-424b-9868-57a2d4851a1d" />
    <TestEntry testId="ddc86a8d-df38-7e19-0e89-885785c79c59" executionId="b7698161-994c-4342-9f19-da1004dc4742" testListId="8c84fa94-04c1-424b-9868-57a2d4851a1d" />
    <TestEntry testId="2bbd0eb5-d8c5-df90-4820-4a281383dab3" executionId="51fd4d7a-d1f2-49e4-81ee-59a84b2b4095" testListId="8c84fa94-04c1-424b-9868-57a2d4851a1d" />
    <TestEntry testId="1a1eff85-9892-30b2-65ed-435cd8c1dc43" executionId="8f6e6889-075c-430b-bb18-4049d53f0a03" testListId="8c84fa94-04c1-424b-9868-57a2d4851a1d" />
    <TestEntry testId="581ed7a7-9376-69cf-7148-c674e674a1ce" executionId="9be01ba5-e0c4-47f4-8e80-57ca335fb40a" testListId="8c84fa94-04c1-424b-9868-57a2d4851a1d" />
    <TestEntry testId="94065d25-8da3-a559-3fa7-e95d6c4dfd56" executionId="09b6be51-59a1-43e3-b3a3-db4fb43fd37a" testListId="8c84fa94-04c1-424b-9868-57a2d4851a1d" />
    <TestEntry testId="8550ab21-17fb-c51c-a66b-75974839b399" executionId="c779abde-0ac6-4b4f-9a27-6db586332590" testListId="8c84fa94-04c1-424b-9868-57a2d4851a1d" />
    <TestEntry testId="dc1c42f4-258c-bd1d-f93c-5b2c02231f60" executionId="b30aa2f9-4a66-41d0-94df-6c0c5d2a209f" testListId="8c84fa94-04c1-424b-9868-57a2d4851a1d" />
    <TestEntry testId="f43819b0-5b37-26b2-9650-71fa6759d4e8" executionId="d5856358-3938-404d-96fb-57ee10799c55" testListId="8c84fa94-04c1-424b-9868-57a2d4851a1d" />
    <TestEntry testId="a3a62fed-dbda-fcae-1988-d66d63bd5db6" executionId="7115a9de-56e6-41e3-9de5-c49559e1512c" testListId="8c84fa94-04c1-424b-9868-57a2d4851a1d" />
    <TestEntry testId="763e63ba-ab3b-9aa6-0af1-2c7f060cc02b" executionId="3231afc2-b854-4b15-accf-b000e5048c18" testListId="8c84fa94-04c1-424b-9868-57a2d4851a1d" />
    <TestEntry testId="775d9617-2aa0-203d-f490-ba8dd1759172" executionId="45425e19-7825-401e-8a3c-c2cb4ce02d93" testListId="8c84fa94-04c1-424b-9868-57a2d4851a1d" />
    <TestEntry testId="aa22cfcd-1f5c-97cb-ac3c-9c6d37ba9f89" executionId="1356bab5-22e9-4479-9473-96adf0aecac4" testListId="8c84fa94-04c1-424b-9868-57a2d4851a1d" />
    <TestEntry testId="9ba15466-9893-7f33-25a0-ed0e78b986a2" executionId="cca688aa-8058-457c-bc90-4e138f0c46ee" testListId="8c84fa94-04c1-424b-9868-57a2d4851a1d" />
    <TestEntry testId="e74cde13-5215-39eb-602f-709bd8c97b7e" executionId="34e78c3e-8247-46b6-88aa-9554f6274982" testListId="8c84fa94-04c1-424b-9868-57a2d4851a1d" />
    <TestEntry testId="8098487f-6990-878e-47c2-99329a686753" executionId="2dfac209-12b6-4e0c-a322-d942148db7b6" testListId="8c84fa94-04c1-424b-9868-57a2d4851a1d" />
    <TestEntry testId="ba49d435-8d96-e889-baf8-d367daa6c67c" executionId="66d4c5c3-815b-497d-9b95-8ce5c7c9920b" testListId="8c84fa94-04c1-424b-9868-57a2d4851a1d" />
    <TestEntry testId="8e7a374d-8d81-02a6-34ae-d30d5a5b70c8" executionId="2bb02840-5c26-48be-a1aa-032582b32b15" testListId="8c84fa94-04c1-424b-9868-57a2d4851a1d" />
    <TestEntry testId="688704aa-b495-b779-b867-c6c1691a69ef" executionId="3dfb6d69-4a9c-4870-ab67-6a5f00c84cb0" testListId="8c84fa94-04c1-424b-9868-57a2d4851a1d" />
    <TestEntry testId="cfbb33fc-6d7a-cfd8-8378-c1e7f1f0f835" executionId="caca6d68-7453-4429-9810-3d9b57cb5214" testListId="8c84fa94-04c1-424b-9868-57a2d4851a1d" />
    <TestEntry testId="5b121498-3b3d-3533-acb0-0f82256e516c" executionId="5652776e-4c0c-447c-93cd-48ce4fff5565" testListId="8c84fa94-04c1-424b-9868-57a2d4851a1d" />
    <TestEntry testId="7c193b72-af84-280e-524e-d98df7484c3e" executionId="fbe935ff-3201-4721-90df-f86d81e8d9d9" testListId="8c84fa94-04c1-424b-9868-57a2d4851a1d" />
    <TestEntry testId="a07e1ee2-578a-e452-d238-cea0744717c7" executionId="acb00988-e49e-4f24-8e29-899b32352f0a" testListId="8c84fa94-04c1-424b-9868-57a2d4851a1d" />
    <TestEntry testId="0a10e1f5-d3df-40d3-5ef2-bac55084b04c" executionId="cde5b63b-c00a-403b-88ee-fe1a0f15f992" testListId="8c84fa94-04c1-424b-9868-57a2d4851a1d" />
    <TestEntry testId="c9549144-5d93-82b0-a7fb-7f809d0a61f5" executionId="ed8afd60-fb93-4c05-83ea-de3ca8efb8ed" testListId="8c84fa94-04c1-424b-9868-57a2d4851a1d" />
    <TestEntry testId="90113dde-2a13-60ba-ba65-f9090f79ba78" executionId="fa7149be-e019-4417-a78c-455dad65fb0c" testListId="8c84fa94-04c1-424b-9868-57a2d4851a1d" />
    <TestEntry testId="74017c45-fca7-eeb7-782e-d8c6fc0b90fb" executionId="0c742b71-216c-48a3-bae9-ad6a0efb0f26" testListId="8c84fa94-04c1-424b-9868-57a2d4851a1d" />
    <TestEntry testId="b78515ad-be33-05b9-8bb1-c33574bd5c0d" executionId="77edeca5-6b64-4cbb-a8a3-2ba0b9190390" testListId="8c84fa94-04c1-424b-9868-57a2d4851a1d" />
  </TestEntries>
  <TestLists>
    <TestList name="Results Not in a List" id="8c84fa94-04c1-424b-9868-57a2d4851a1d" />
    <TestList name="All Loaded Results" id="19431567-8539-422a-85d7-44ee4e166bda" />
  </TestLists>
  <ResultSummary outcome="Failed">
    <Counters total="244" executed="244" passed="237" failed="7" error="0" timeout="0" aborted="0" inconclusive="0" passedButRunAborted="0" notRunnable="0" notExecuted="0" disconnected="0" warning="0" completed="0" inProgress="0" pending="0" />
    <Output>
      <StdOut>[xUnit.net 00:00:00.00] xUnit.net VSTest Adapter v2.4.5+1caef2f33e (64-bit .NET 8.0.14)&#xD;
[xUnit.net 00:00:00.25]   Discovering: CreditTransfer.Core.Domain.Tests&#xD;
[xUnit.net 00:00:00.29]   Discovered:  CreditTransfer.Core.Domain.Tests&#xD;
[xUnit.net 00:00:00.29]   Starting:    CreditTransfer.Core.Domain.Tests&#xD;
[xUnit.net 00:00:00.39]       Expected isInvalid to be true, but found False.&#xD;
[xUnit.net 00:00:00.39]       Stack Trace:&#xD;
[xUnit.net 00:00:00.39]            at FluentAssertions.Execution.XUnit2TestFramework.Throw(String message)&#xD;
[xUnit.net 00:00:00.39]            at FluentAssertions.Execution.TestFrameworkProvider.Throw(String message)&#xD;
[xUnit.net 00:00:00.39]            at FluentAssertions.Execution.DefaultAssertionStrategy.HandleFailure(String message)&#xD;
[xUnit.net 00:00:00.39]            at FluentAssertions.Execution.AssertionScope.FailWith(Func`1 failReasonFunc)&#xD;
[xUnit.net 00:00:00.39]            at FluentAssertions.Execution.AssertionScope.FailWith(Func`1 failReasonFunc)&#xD;
[xUnit.net 00:00:00.39]            at FluentAssertions.Execution.AssertionScope.FailWith(String message, Object[] args)&#xD;
[xUnit.net 00:00:00.39]            at FluentAssertions.Primitives.BooleanAssertions`1.BeTrue(String because, Object[] becauseArgs)&#xD;
[xUnit.net 00:00:00.39]         E:\LP\UpgradeStack\CreditTransfer\Migrated\tests\Unit\CreditTransfer.Core.Domain.Tests\TransactionTests.cs(112,0): at CreditTransfer.Core.Domain.Tests.TransactionTests.Transaction_SourceMsisdnValidation(String msisdn, Boolean shouldBeValid)&#xD;
[xUnit.net 00:00:00.39]            at InvokeStub_TransactionTests.Transaction_SourceMsisdnValidation(Object, Span`1)&#xD;
[xUnit.net 00:00:00.39]            at System.Reflection.MethodBaseInvoker.InvokeWithFewArgs(Object obj, BindingFlags invokeAttr, Binder binder, Object[] parameters, CultureInfo culture)&#xD;
[xUnit.net 00:00:00.39]       Expected isValid to be False, but found True.&#xD;
[xUnit.net 00:00:00.39]       Stack Trace:&#xD;
[xUnit.net 00:00:00.39]            at FluentAssertions.Execution.XUnit2TestFramework.Throw(String message)&#xD;
[xUnit.net 00:00:00.39]            at FluentAssertions.Execution.TestFrameworkProvider.Throw(String message)&#xD;
[xUnit.net 00:00:00.39]            at FluentAssertions.Execution.DefaultAssertionStrategy.HandleFailure(String message)&#xD;
[xUnit.net 00:00:00.39]            at FluentAssertions.Execution.AssertionScope.FailWith(Func`1 failReasonFunc)&#xD;
[xUnit.net 00:00:00.39]            at FluentAssertions.Execution.AssertionScope.FailWith(Func`1 failReasonFunc)&#xD;
[xUnit.net 00:00:00.39]            at FluentAssertions.Execution.AssertionScope.FailWith(String message, Object[] args)&#xD;
[xUnit.net 00:00:00.39]            at FluentAssertions.Primitives.BooleanAssertions`1.Be(Boolean expected, String because, Object[] becauseArgs)&#xD;
[xUnit.net 00:00:00.39]         E:\LP\UpgradeStack\CreditTransfer\Migrated\tests\Unit\CreditTransfer.Core.Domain.Tests\CreditTransferRequestTests.cs(306,0): at CreditTransfer.Core.Domain.Tests.CreditTransferRequestTests.CreditTransferRequest_UserNameValidation(String userName, Boolean shouldBeValid)&#xD;
[xUnit.net 00:00:00.39]            at InvokeStub_CreditTransferRequestTests.CreditTransferRequest_UserNameValidation(Object, Span`1)&#xD;
[xUnit.net 00:00:00.39]            at System.Reflection.MethodBaseInvoker.InvokeWithFewArgs(Object obj, BindingFlags invokeAttr, Binder binder, Object[] parameters, CultureInfo culture)&#xD;
[xUnit.net 00:00:00.40]       Expected isValid to be false, but found True.&#xD;
[xUnit.net 00:00:00.40]       Stack Trace:&#xD;
[xUnit.net 00:00:00.40]            at FluentAssertions.Execution.XUnit2TestFramework.Throw(String message)&#xD;
[xUnit.net 00:00:00.40]            at FluentAssertions.Execution.TestFrameworkProvider.Throw(String message)&#xD;
[xUnit.net 00:00:00.40]            at FluentAssertions.Execution.DefaultAssertionStrategy.HandleFailure(String message)&#xD;
[xUnit.net 00:00:00.40]            at FluentAssertions.Execution.AssertionScope.FailWith(Func`1 failReasonFunc)&#xD;
[xUnit.net 00:00:00.40]            at FluentAssertions.Execution.AssertionScope.FailWith(Func`1 failReasonFunc)&#xD;
[xUnit.net 00:00:00.40]            at FluentAssertions.Execution.AssertionScope.FailWith(String message, Object[] args)&#xD;
[xUnit.net 00:00:00.40]            at FluentAssertions.Primitives.BooleanAssertions`1.BeFalse(String because, Object[] becauseArgs)&#xD;
[xUnit.net 00:00:00.40]         E:\LP\UpgradeStack\CreditTransfer\Migrated\tests\Unit\CreditTransfer.Core.Domain.Tests\CreditTransferRequestTests.cs(222,0): at CreditTransfer.Core.Domain.Tests.CreditTransferRequestTests.CreditTransferRequest_MsisdnValidation(String msisdn, Boolean shouldBeValid)&#xD;
[xUnit.net 00:00:00.40]            at InvokeStub_CreditTransferRequestTests.CreditTransferRequest_MsisdnValidation(Object, Span`1)&#xD;
[xUnit.net 00:00:00.40]            at System.Reflection.MethodBaseInvoker.InvokeWithFewArgs(Object obj, BindingFlags invokeAttr, Binder binder, Object[] parameters, CultureInfo culture)&#xD;
[xUnit.net 00:00:00.40]       Expected isValid to be false, but found True.&#xD;
[xUnit.net 00:00:00.40]       Stack Trace:&#xD;
[xUnit.net 00:00:00.40]            at FluentAssertions.Execution.XUnit2TestFramework.Throw(String message)&#xD;
[xUnit.net 00:00:00.40]            at FluentAssertions.Execution.TestFrameworkProvider.Throw(String message)&#xD;
[xUnit.net 00:00:00.40]            at FluentAssertions.Execution.DefaultAssertionStrategy.HandleFailure(String message)&#xD;
[xUnit.net 00:00:00.40]            at FluentAssertions.Execution.AssertionScope.FailWith(Func`1 failReasonFunc)&#xD;
[xUnit.net 00:00:00.40]            at FluentAssertions.Execution.AssertionScope.FailWith(Func`1 failReasonFunc)&#xD;
[xUnit.net 00:00:00.40]            at FluentAssertions.Execution.AssertionScope.FailWith(String message, Object[] args)&#xD;
[xUnit.net 00:00:00.40]            at FluentAssertions.Primitives.BooleanAssertions`1.BeFalse(String because, Object[] becauseArgs)&#xD;
[xUnit.net 00:00:00.40]         E:\LP\UpgradeStack\CreditTransfer\Migrated\tests\Unit\CreditTransfer.Core.Domain.Tests\CreditTransferRequestTests.cs(222,0): at CreditTransfer.Core.Domain.Tests.CreditTransferRequestTests.CreditTransferRequest_MsisdnValidation(String msisdn, Boolean shouldBeValid)&#xD;
[xUnit.net 00:00:00.40]            at InvokeStub_CreditTransferRequestTests.CreditTransferRequest_MsisdnValidation(Object, Span`1)&#xD;
[xUnit.net 00:00:00.40]            at System.Reflection.MethodBaseInvoker.InvokeWithFewArgs(Object obj, BindingFlags invokeAttr, Binder binder, Object[] parameters, CultureInfo culture)&#xD;
[xUnit.net 00:00:00.40]       Expected isValid to be false, but found True.&#xD;
[xUnit.net 00:00:00.40]       Stack Trace:&#xD;
[xUnit.net 00:00:00.40]            at FluentAssertions.Execution.XUnit2TestFramework.Throw(String message)&#xD;
[xUnit.net 00:00:00.40]            at FluentAssertions.Execution.TestFrameworkProvider.Throw(String message)&#xD;
[xUnit.net 00:00:00.40]            at FluentAssertions.Execution.DefaultAssertionStrategy.HandleFailure(String message)&#xD;
[xUnit.net 00:00:00.40]            at FluentAssertions.Execution.AssertionScope.FailWith(Func`1 failReasonFunc)&#xD;
[xUnit.net 00:00:00.40]            at FluentAssertions.Execution.AssertionScope.FailWith(Func`1 failReasonFunc)&#xD;
[xUnit.net 00:00:00.40]            at FluentAssertions.Execution.AssertionScope.FailWith(String message, Object[] args)&#xD;
[xUnit.net 00:00:00.40]            at FluentAssertions.Primitives.BooleanAssertions`1.BeFalse(String because, Object[] becauseArgs)&#xD;
[xUnit.net 00:00:00.40]         E:\LP\UpgradeStack\CreditTransfer\Migrated\tests\Unit\CreditTransfer.Core.Domain.Tests\CreditTransferRequestTests.cs(222,0): at CreditTransfer.Core.Domain.Tests.CreditTransferRequestTests.CreditTransferRequest_MsisdnValidation(String msisdn, Boolean shouldBeValid)&#xD;
[xUnit.net 00:00:00.40]            at InvokeStub_CreditTransferRequestTests.CreditTransferRequest_MsisdnValidation(Object, Span`1)&#xD;
[xUnit.net 00:00:00.40]            at System.Reflection.MethodBaseInvoker.InvokeWithFewArgs(Object obj, BindingFlags invokeAttr, Binder binder, Object[] parameters, CultureInfo culture)&#xD;
[xUnit.net 00:00:00.40]       Expected isValid to be true, but found False.&#xD;
[xUnit.net 00:00:00.40]       Stack Trace:&#xD;
[xUnit.net 00:00:00.40]            at FluentAssertions.Execution.XUnit2TestFramework.Throw(String message)&#xD;
[xUnit.net 00:00:00.40]            at FluentAssertions.Execution.TestFrameworkProvider.Throw(String message)&#xD;
[xUnit.net 00:00:00.40]            at FluentAssertions.Execution.DefaultAssertionStrategy.HandleFailure(String message)&#xD;
[xUnit.net 00:00:00.40]            at FluentAssertions.Execution.AssertionScope.FailWith(Func`1 failReasonFunc)&#xD;
[xUnit.net 00:00:00.40]            at FluentAssertions.Execution.AssertionScope.FailWith(Func`1 failReasonFunc)&#xD;
[xUnit.net 00:00:00.40]            at FluentAssertions.Execution.AssertionScope.FailWith(String message, Object[] args)&#xD;
[xUnit.net 00:00:00.40]            at FluentAssertions.Primitives.BooleanAssertions`1.BeTrue(String because, Object[] becauseArgs)&#xD;
[xUnit.net 00:00:00.40]         E:\LP\UpgradeStack\CreditTransfer\Migrated\tests\Unit\CreditTransfer.Core.Domain.Tests\CreditTransferRequestTests.cs(218,0): at CreditTransfer.Core.Domain.Tests.CreditTransferRequestTests.CreditTransferRequest_MsisdnValidation(String msisdn, Boolean shouldBeValid)&#xD;
[xUnit.net 00:00:00.40]            at InvokeStub_CreditTransferRequestTests.CreditTransferRequest_MsisdnValidation(Object, Span`1)&#xD;
[xUnit.net 00:00:00.40]            at System.Reflection.MethodBaseInvoker.InvokeWithFewArgs(Object obj, BindingFlags invokeAttr, Binder binder, Object[] parameters, CultureInfo culture)&#xD;
[xUnit.net 00:00:00.40]       Expected isValid to be False, but found True.&#xD;
[xUnit.net 00:00:00.40]       Stack Trace:&#xD;
[xUnit.net 00:00:00.40]            at FluentAssertions.Execution.XUnit2TestFramework.Throw(String message)&#xD;
[xUnit.net 00:00:00.40]            at FluentAssertions.Execution.TestFrameworkProvider.Throw(String message)&#xD;
[xUnit.net 00:00:00.40]            at FluentAssertions.Execution.DefaultAssertionStrategy.HandleFailure(String message)&#xD;
[xUnit.net 00:00:00.40]            at FluentAssertions.Execution.AssertionScope.FailWith(Func`1 failReasonFunc)&#xD;
[xUnit.net 00:00:00.40]            at FluentAssertions.Execution.AssertionScope.FailWith(Func`1 failReasonFunc)&#xD;
[xUnit.net 00:00:00.40]            at FluentAssertions.Execution.AssertionScope.FailWith(String message, Object[] args)&#xD;
[xUnit.net 00:00:00.40]            at FluentAssertions.Primitives.BooleanAssertions`1.Be(Boolean expected, String because, Object[] becauseArgs)&#xD;
[xUnit.net 00:00:00.40]         E:\LP\UpgradeStack\CreditTransfer\Migrated\tests\Unit\CreditTransfer.Core.Domain.Tests\CreditTransferRequestTests.cs(280,0): at CreditTransfer.Core.Domain.Tests.CreditTransferRequestTests.CreditTransferRequest_PinValidation(String pin, Boolean shouldBeValid)&#xD;
[xUnit.net 00:00:00.40]            at InvokeStub_CreditTransferRequestTests.CreditTransferRequest_PinValidation(Object, Span`1)&#xD;
[xUnit.net 00:00:00.40]            at System.Reflection.MethodBaseInvoker.InvokeWithFewArgs(Object obj, BindingFlags invokeAttr, Binder binder, Object[] parameters, CultureInfo culture)&#xD;
[xUnit.net 00:00:00.40]   Finished:    CreditTransfer.Core.Domain.Tests&#xD;
</StdOut>
    </Output>
    <RunInfos>
      <RunInfo computerName="LP-AMEENE21" outcome="Error" timestamp="2025-07-07T19:53:25.3146991+03:00">
        <Text>[xUnit.net 00:00:00.39]     CreditTransfer.Core.Domain.Tests.TransactionTests.Transaction_SourceMsisdnValidation(msisdn: "96876325315123", shouldBeValid: False) [FAIL]</Text>
      </RunInfo>
      <RunInfo computerName="LP-AMEENE21" outcome="Error" timestamp="2025-07-07T19:53:25.3149956+03:00">
        <Text>[xUnit.net 00:00:00.39]     CreditTransfer.Core.Domain.Tests.CreditTransferRequestTests.CreditTransferRequest_UserNameValidation(userName: "   ", shouldBeValid: False) [FAIL]</Text>
      </RunInfo>
      <RunInfo computerName="LP-AMEENE21" outcome="Error" timestamp="2025-07-07T19:53:25.3245917+03:00">
        <Text>[xUnit.net 00:00:00.40]     CreditTransfer.Core.Domain.Tests.CreditTransferRequestTests.CreditTransferRequest_MsisdnValidation(msisdn: "abcdefghijk", shouldBeValid: False) [FAIL]</Text>
      </RunInfo>
      <RunInfo computerName="LP-AMEENE21" outcome="Error" timestamp="2025-07-07T19:53:25.3247682+03:00">
        <Text>[xUnit.net 00:00:00.40]     CreditTransfer.Core.Domain.Tests.CreditTransferRequestTests.CreditTransferRequest_MsisdnValidation(msisdn: "968", shouldBeValid: False) [FAIL]</Text>
      </RunInfo>
      <RunInfo computerName="LP-AMEENE21" outcome="Error" timestamp="2025-07-07T19:53:25.3250856+03:00">
        <Text>[xUnit.net 00:00:00.40]     CreditTransfer.Core.Domain.Tests.CreditTransferRequestTests.CreditTransferRequest_MsisdnValidation(msisdn: "123456789012345", shouldBeValid: False) [FAIL]</Text>
      </RunInfo>
      <RunInfo computerName="LP-AMEENE21" outcome="Error" timestamp="2025-07-07T19:53:25.3252208+03:00">
        <Text>[xUnit.net 00:00:00.40]     CreditTransfer.Core.Domain.Tests.CreditTransferRequestTests.CreditTransferRequest_MsisdnValidation(msisdn: "96878715705", shouldBeValid: True) [FAIL]</Text>
      </RunInfo>
      <RunInfo computerName="LP-AMEENE21" outcome="Error" timestamp="2025-07-07T19:53:25.3255304+03:00">
        <Text>[xUnit.net 00:00:00.40]     CreditTransfer.Core.Domain.Tests.CreditTransferRequestTests.CreditTransferRequest_PinValidation(pin: "   ", shouldBeValid: False) [FAIL]</Text>
      </RunInfo>
    </RunInfos>
  </ResultSummary>
</TestRun>